[2m2019-11-19 11:12:45.529[0;39m [32m INFO[0;39m [35m4344[0;39m [2m---[0;39m [2m[           main][0;39m [36mcom.ssafy.edu.LoginApplication          [0;39m [2m:[0;39m Starting LoginApplication on DESKTOP with PID 4344 (C:\SSAFY2\work_vue\login\target\classes started by student in C:\SSAFY2\work_vue\login)
[2m2019-11-19 11:12:45.529[0;39m [32m INFO[0;39m [35m4344[0;39m [2m---[0;39m [2m[           main][0;39m [36mcom.ssafy.edu.LoginApplication          [0;39m [2m:[0;39m No active profile set, falling back to default profiles: default
[2m2019-11-19 11:12:45.544[0;39m [32m INFO[0;39m [35m4344[0;39m [2m---[0;39m [2m[           main][0;39m [36mConfigServletWebServerApplicationContext[0;39m [2m:[0;39m Refreshing org.springframework.boot.web.servlet.context.AnnotationConfigServletWebServerApplicationContext@1aa7ecca: startup date [Tue Nov 19 11:12:45 KST 2019]; root of context hierarchy
[2m2019-11-19 11:12:46.123[0;39m [32m INFO[0;39m [35m4344[0;39m [2m---[0;39m [2m[           main][0;39m [36mtrationDelegate$BeanPostProcessorChecker[0;39m [2m:[0;39m Bean 'org.springframework.transaction.annotation.ProxyTransactionManagementConfiguration' of type [org.springframework.transaction.annotation.ProxyTransactionManagementConfiguration$$EnhancerBySpringCGLIB$$d77381ec] is not eligible for getting processed by all BeanPostProcessors (for example: not eligible for auto-proxying)
[2m2019-11-19 11:12:46.155[0;39m [32m INFO[0;39m [35m4344[0;39m [2m---[0;39m [2m[           main][0;39m [36mtrationDelegate$BeanPostProcessorChecker[0;39m [2m:[0;39m Bean 'org.springframework.security.config.annotation.method.configuration.Jsr250MetadataSourceConfiguration' of type [org.springframework.security.config.annotation.method.configuration.Jsr250MetadataSourceConfiguration$$EnhancerBySpringCGLIB$$ba4b04ee] is not eligible for getting processed by all BeanPostProcessors (for example: not eligible for auto-proxying)
[2m2019-11-19 11:12:46.155[0;39m [32m INFO[0;39m [35m4344[0;39m [2m---[0;39m [2m[           main][0;39m [36mtrationDelegate$BeanPostProcessorChecker[0;39m [2m:[0;39m Bean 'jsr250MethodSecurityMetadataSource' of type [org.springframework.security.access.annotation.Jsr250MethodSecurityMetadataSource] is not eligible for getting processed by all BeanPostProcessors (for example: not eligible for auto-proxying)
[2m2019-11-19 11:12:46.155[0;39m [32m INFO[0;39m [35m4344[0;39m [2m---[0;39m [2m[           main][0;39m [36mtrationDelegate$BeanPostProcessorChecker[0;39m [2m:[0;39m Bean 'org.springframework.security.config.annotation.configuration.ObjectPostProcessorConfiguration' of type [org.springframework.security.config.annotation.configuration.ObjectPostProcessorConfiguration$$EnhancerBySpringCGLIB$$70214a26] is not eligible for getting processed by all BeanPostProcessors (for example: not eligible for auto-proxying)
[2m2019-11-19 11:12:46.155[0;39m [32m INFO[0;39m [35m4344[0;39m [2m---[0;39m [2m[           main][0;39m [36mtrationDelegate$BeanPostProcessorChecker[0;39m [2m:[0;39m Bean 'objectPostProcessor' of type [org.springframework.security.config.annotation.configuration.AutowireBeanFactoryObjectPostProcessor] is not eligible for getting processed by all BeanPostProcessors (for example: not eligible for auto-proxying)
[2m2019-11-19 11:12:46.155[0;39m [32m INFO[0;39m [35m4344[0;39m [2m---[0;39m [2m[           main][0;39m [36mtrationDelegate$BeanPostProcessorChecker[0;39m [2m:[0;39m Bean 'org.springframework.security.access.expression.method.DefaultMethodSecurityExpressionHandler@49d98dc5' of type [org.springframework.security.access.expression.method.DefaultMethodSecurityExpressionHandler] is not eligible for getting processed by all BeanPostProcessors (for example: not eligible for auto-proxying)
[2m2019-11-19 11:12:46.171[0;39m [32m INFO[0;39m [35m4344[0;39m [2m---[0;39m [2m[           main][0;39m [36mtrationDelegate$BeanPostProcessorChecker[0;39m [2m:[0;39m Bean 'org.springframework.security.config.annotation.method.configuration.GlobalMethodSecurityConfiguration' of type [org.springframework.security.config.annotation.method.configuration.GlobalMethodSecurityConfiguration$$EnhancerBySpringCGLIB$$94f5ecd8] is not eligible for getting processed by all BeanPostProcessors (for example: not eligible for auto-proxying)
[2m2019-11-19 11:12:46.171[0;39m [32m INFO[0;39m [35m4344[0;39m [2m---[0;39m [2m[           main][0;39m [36mtrationDelegate$BeanPostProcessorChecker[0;39m [2m:[0;39m Bean 'methodSecurityMetadataSource' of type [org.springframework.security.access.method.DelegatingMethodSecurityMetadataSource] is not eligible for getting processed by all BeanPostProcessors (for example: not eligible for auto-proxying)
[2m2019-11-19 11:12:46.358[0;39m [32m INFO[0;39m [35m4344[0;39m [2m---[0;39m [2m[           main][0;39m [36mo.s.b.w.embedded.tomcat.TomcatWebServer [0;39m [2m:[0;39m Tomcat initialized with port(s): 8397 (http)
[2m2019-11-19 11:12:46.374[0;39m [32m INFO[0;39m [35m4344[0;39m [2m---[0;39m [2m[           main][0;39m [36mo.a.coyote.http11.Http11NioProtocol     [0;39m [2m:[0;39m Initializing ProtocolHandler ["http-nio-8397"]
[2m2019-11-19 11:12:46.374[0;39m [32m INFO[0;39m [35m4344[0;39m [2m---[0;39m [2m[           main][0;39m [36mo.apache.catalina.core.StandardService  [0;39m [2m:[0;39m Starting service [Tomcat]
[2m2019-11-19 11:12:46.374[0;39m [32m INFO[0;39m [35m4344[0;39m [2m---[0;39m [2m[           main][0;39m [36morg.apache.catalina.core.StandardEngine [0;39m [2m:[0;39m Starting Servlet Engine: Apache Tomcat/8.5.34
[2m2019-11-19 11:12:46.374[0;39m [32m INFO[0;39m [35m4344[0;39m [2m---[0;39m [2m[ost-startStop-1][0;39m [36mo.a.catalina.core.AprLifecycleListener  [0;39m [2m:[0;39m The APR based Apache Tomcat Native library which allows optimal performance in production environments was not found on the java.library.path: [C:\Program Files\Zulu\zulu-8\bin;C:\WINDOWS\Sun\Java\bin;C:\WINDOWS\system32;C:\WINDOWS;C:/Program Files/Zulu/zulu-8/bin/../jre/bin/server;C:/Program Files/Zulu/zulu-8/bin/../jre/bin;C:/Program Files/Zulu/zulu-8/bin/../jre/lib/amd64;C:\Python27\;C:\Python27\Scripts;C:\Program Files\Python35\Scripts\;C:\Program Files\Python35\;C:\Program Files\Git\cmd;C:\Program Files (x86)\Intel\Intel(R) Management Engine Components\iCLS\;C:\Program Files\Intel\Intel(R) Management Engine Components\iCLS\;C:\WINDOWS\system32;C:\WINDOWS;C:\WINDOWS\System32\Wbem;C:\WINDOWS\System32\WindowsPowerShell\v1.0\;C:\Program Files (x86)\Intel\Intel(R) Management Engine Components\DAL;C:\Program Files\Intel\Intel(R) Management Engine Components\DAL;C:\Program Files (x86)\Intel\Intel(R) Management Engine Components\IPT;C:\Program Files\Intel\Intel(R) Management Engine Components\IPT;C:\WINDOWS\System32\OpenSSH\;C:\Program Files\Microsoft SQL Server\130\Tools\Binn\;C:\Program Files\Zulu\zulu-8\bin;C:\Program Files\nodejs\;C:\ProgramData\chocolatey\bin;C:\Program Files\MySQL\MySQL Shell 8.0\bin\;C:\Users\student\AppData\Local\Programs\Microsoft VS Code\bin;C:\Users\student\AppData\Roaming\npm;C:\SSAFY2\sts-bundle\sts-3.9.7.RELEASE;;.]
[2m2019-11-19 11:12:46.452[0;39m [32m INFO[0;39m [35m4344[0;39m [2m---[0;39m [2m[ost-startStop-1][0;39m [36mo.a.c.c.C.[Tomcat].[localhost].[/]      [0;39m [2m:[0;39m Initializing Spring embedded WebApplicationContext
[2m2019-11-19 11:12:46.452[0;39m [32m INFO[0;39m [35m4344[0;39m [2m---[0;39m [2m[ost-startStop-1][0;39m [36mo.s.web.context.ContextLoader           [0;39m [2m:[0;39m Root WebApplicationContext: initialization completed in 908 ms
[2m2019-11-19 11:12:46.655[0;39m [32m INFO[0;39m [35m4344[0;39m [2m---[0;39m [2m[ost-startStop-1][0;39m [36mcom.zaxxer.hikari.HikariDataSource      [0;39m [2m:[0;39m HikariPool-1 - Starting...
[2m2019-11-19 11:12:46.749[0;39m [32m INFO[0;39m [35m4344[0;39m [2m---[0;39m [2m[ost-startStop-1][0;39m [36mcom.zaxxer.hikari.HikariDataSource      [0;39m [2m:[0;39m HikariPool-1 - Start completed.
[2m2019-11-19 11:12:46.780[0;39m [32m INFO[0;39m [35m4344[0;39m [2m---[0;39m [2m[ost-startStop-1][0;39m [36mj.LocalContainerEntityManagerFactoryBean[0;39m [2m:[0;39m Building JPA container EntityManagerFactory for persistence unit 'default'
[2m2019-11-19 11:12:46.796[0;39m [32m INFO[0;39m [35m4344[0;39m [2m---[0;39m [2m[ost-startStop-1][0;39m [36mo.hibernate.jpa.internal.util.LogHelper [0;39m [2m:[0;39m HHH000204: Processing PersistenceUnitInfo [
	name: default
	...]
[2m2019-11-19 11:12:46.858[0;39m [32m INFO[0;39m [35m4344[0;39m [2m---[0;39m [2m[ost-startStop-1][0;39m [36morg.hibernate.Version                   [0;39m [2m:[0;39m HHH000412: Hibernate Core {5.2.17.Final}
[2m2019-11-19 11:12:46.858[0;39m [32m INFO[0;39m [35m4344[0;39m [2m---[0;39m [2m[ost-startStop-1][0;39m [36morg.hibernate.cfg.Environment           [0;39m [2m:[0;39m HHH000206: hibernate.properties not found
[2m2019-11-19 11:12:46.890[0;39m [32m INFO[0;39m [35m4344[0;39m [2m---[0;39m [2m[ost-startStop-1][0;39m [36mo.hibernate.annotations.common.Version  [0;39m [2m:[0;39m HCANN000001: Hibernate Commons Annotations {5.0.1.Final}
[2m2019-11-19 11:12:46.976[0;39m [32m INFO[0;39m [35m4344[0;39m [2m---[0;39m [2m[ost-startStop-1][0;39m [36morg.hibernate.dialect.Dialect           [0;39m [2m:[0;39m HHH000400: Using dialect: org.hibernate.dialect.MySQL5InnoDBDialect
[2m2019-11-19 11:12:47.248[0;39m [32m INFO[0;39m [35m4344[0;39m [2m---[0;39m [2m[ost-startStop-1][0;39m [36mj.LocalContainerEntityManagerFactoryBean[0;39m [2m:[0;39m Initialized JPA EntityManagerFactory for persistence unit 'default'
[2m2019-11-19 11:12:47.464[0;39m [32m INFO[0;39m [35m4344[0;39m [2m---[0;39m [2m[ost-startStop-1][0;39m [36mo.s.b.w.servlet.FilterRegistrationBean  [0;39m [2m:[0;39m Mapping filter: 'characterEncodingFilter' to: [/*]
[2m2019-11-19 11:12:47.464[0;39m [32m INFO[0;39m [35m4344[0;39m [2m---[0;39m [2m[ost-startStop-1][0;39m [36mo.s.b.w.servlet.FilterRegistrationBean  [0;39m [2m:[0;39m Mapping filter: 'hiddenHttpMethodFilter' to: [/*]
[2m2019-11-19 11:12:47.464[0;39m [32m INFO[0;39m [35m4344[0;39m [2m---[0;39m [2m[ost-startStop-1][0;39m [36mo.s.b.w.servlet.FilterRegistrationBean  [0;39m [2m:[0;39m Mapping filter: 'httpPutFormContentFilter' to: [/*]
[2m2019-11-19 11:12:47.464[0;39m [32m INFO[0;39m [35m4344[0;39m [2m---[0;39m [2m[ost-startStop-1][0;39m [36mo.s.b.w.servlet.FilterRegistrationBean  [0;39m [2m:[0;39m Mapping filter: 'requestContextFilter' to: [/*]
[2m2019-11-19 11:12:47.464[0;39m [32m INFO[0;39m [35m4344[0;39m [2m---[0;39m [2m[ost-startStop-1][0;39m [36m.s.DelegatingFilterProxyRegistrationBean[0;39m [2m:[0;39m Mapping filter: 'springSecurityFilterChain' to: [/*]
[2m2019-11-19 11:12:47.464[0;39m [32m INFO[0;39m [35m4344[0;39m [2m---[0;39m [2m[ost-startStop-1][0;39m [36mo.s.b.w.servlet.FilterRegistrationBean  [0;39m [2m:[0;39m Mapping filter: 'jwtAuthenticationFilter' to: [/*]
[2m2019-11-19 11:12:47.464[0;39m [32m INFO[0;39m [35m4344[0;39m [2m---[0;39m [2m[ost-startStop-1][0;39m [36mo.s.b.w.servlet.ServletRegistrationBean [0;39m [2m:[0;39m Servlet dispatcherServlet mapped to [/]
[2m2019-11-19 11:12:47.635[0;39m [32m INFO[0;39m [35m4344[0;39m [2m---[0;39m [2m[           main][0;39m [36mo.s.w.s.handler.SimpleUrlHandlerMapping [0;39m [2m:[0;39m Mapped URL path [/**/favicon.ico] onto handler of type [class org.springframework.web.servlet.resource.ResourceHttpRequestHandler]
[2m2019-11-19 11:12:47.651[0;39m [33m WARN[0;39m [35m4344[0;39m [2m---[0;39m [2m[           main][0;39m [36maWebConfiguration$JpaWebMvcConfiguration[0;39m [2m:[0;39m spring.jpa.open-in-view is enabled by default. Therefore, database queries may be performed during view rendering. Explicitly configure spring.jpa.open-in-view to disable this warning
[2m2019-11-19 11:12:47.667[0;39m [32m INFO[0;39m [35m4344[0;39m [2m---[0;39m [2m[           main][0;39m [36ms.w.s.m.m.a.RequestMappingHandlerMapping[0;39m [2m:[0;39m Mapped "{[/api/auth/signup],methods=[POST]}" onto public org.springframework.http.ResponseEntity<?> com.ssafy.edu.controller.AuthController.registerUser(com.ssafy.edu.help.SignUpRequest)
[2m2019-11-19 11:12:47.667[0;39m [32m INFO[0;39m [35m4344[0;39m [2m---[0;39m [2m[           main][0;39m [36ms.w.s.m.m.a.RequestMappingHandlerMapping[0;39m [2m:[0;39m Mapped "{[/api/auth/signin],methods=[POST]}" onto public org.springframework.http.ResponseEntity<?> com.ssafy.edu.controller.AuthController.authenticateUser(com.ssafy.edu.help.LoginRequest)
[2m2019-11-19 11:12:47.667[0;39m [32m INFO[0;39m [35m4344[0;39m [2m---[0;39m [2m[           main][0;39m [36ms.w.s.m.m.a.RequestMappingHandlerMapping[0;39m [2m:[0;39m Mapped "{[/api/users/{username}],methods=[GET]}" onto public com.ssafy.edu.help.UserProfile com.ssafy.edu.controller.UserController.getUserProfile(java.lang.String)
[2m2019-11-19 11:12:47.667[0;39m [32m INFO[0;39m [35m4344[0;39m [2m---[0;39m [2m[           main][0;39m [36ms.w.s.m.m.a.RequestMappingHandlerMapping[0;39m [2m:[0;39m Mapped "{[/api/user/checkEmailAvailability],methods=[GET]}" onto public com.ssafy.edu.help.UserIdentityAvailability com.ssafy.edu.controller.UserController.checkEmailAvailability(java.lang.String)
[2m2019-11-19 11:12:47.682[0;39m [32m INFO[0;39m [35m4344[0;39m [2m---[0;39m [2m[           main][0;39m [36ms.w.s.m.m.a.RequestMappingHandlerMapping[0;39m [2m:[0;39m Mapped "{[/api/user/checkUsernameAvailability],methods=[GET]}" onto public com.ssafy.edu.help.UserIdentityAvailability com.ssafy.edu.controller.UserController.checkUsernameAvailability(java.lang.String)
[2m2019-11-19 11:12:47.682[0;39m [32m INFO[0;39m [35m4344[0;39m [2m---[0;39m [2m[           main][0;39m [36ms.w.s.m.m.a.RequestMappingHandlerMapping[0;39m [2m:[0;39m Mapped "{[/error]}" onto public org.springframework.http.ResponseEntity<java.util.Map<java.lang.String, java.lang.Object>> org.springframework.boot.autoconfigure.web.servlet.error.BasicErrorController.error(javax.servlet.http.HttpServletRequest)
[2m2019-11-19 11:12:47.682[0;39m [32m INFO[0;39m [35m4344[0;39m [2m---[0;39m [2m[           main][0;39m [36ms.w.s.m.m.a.RequestMappingHandlerMapping[0;39m [2m:[0;39m Mapped "{[/error],produces=[text/html]}" onto public org.springframework.web.servlet.ModelAndView org.springframework.boot.autoconfigure.web.servlet.error.BasicErrorController.errorHtml(javax.servlet.http.HttpServletRequest,javax.servlet.http.HttpServletResponse)
[2m2019-11-19 11:12:47.698[0;39m [32m INFO[0;39m [35m4344[0;39m [2m---[0;39m [2m[           main][0;39m [36mo.s.w.s.handler.SimpleUrlHandlerMapping [0;39m [2m:[0;39m Mapped URL path [/webjars/**] onto handler of type [class org.springframework.web.servlet.resource.ResourceHttpRequestHandler]
[2m2019-11-19 11:12:47.698[0;39m [32m INFO[0;39m [35m4344[0;39m [2m---[0;39m [2m[           main][0;39m [36mo.s.w.s.handler.SimpleUrlHandlerMapping [0;39m [2m:[0;39m Mapped URL path [/**] onto handler of type [class org.springframework.web.servlet.resource.ResourceHttpRequestHandler]
[2m2019-11-19 11:12:47.714[0;39m [32m INFO[0;39m [35m4344[0;39m [2m---[0;39m [2m[           main][0;39m [36mo.s.s.web.DefaultSecurityFilterChain    [0;39m [2m:[0;39m Creating filter chain: org.springframework.security.web.util.matcher.AnyRequestMatcher@1, [org.springframework.security.web.context.request.async.WebAsyncManagerIntegrationFilter@62ce72ff, org.springframework.security.web.context.SecurityContextPersistenceFilter@58a4a74d, org.springframework.security.web.header.HeaderWriterFilter@6345e7b9, org.springframework.web.filter.CorsFilter@58a63629, org.springframework.security.web.authentication.logout.LogoutFilter@6a0659ac, com.ssafy.edu.security.JwtAuthenticationFilter@5484a23, org.springframework.security.web.savedrequest.RequestCacheAwareFilter@314ed053, org.springframework.security.web.servletapi.SecurityContextHolderAwareRequestFilter@dca2615, org.springframework.security.web.authentication.AnonymousAuthenticationFilter@7de843ef, org.springframework.security.web.session.SessionManagementFilter@27d57a2c, org.springframework.security.web.access.ExceptionTranslationFilter@67e28be3, org.springframework.security.web.access.intercept.FilterSecurityInterceptor@af9a89f]
[2m2019-11-19 11:12:47.854[0;39m [32m INFO[0;39m [35m4344[0;39m [2m---[0;39m [2m[           main][0;39m [36ms.w.s.m.m.a.RequestMappingHandlerAdapter[0;39m [2m:[0;39m Looking for @ControllerAdvice: org.springframework.boot.web.servlet.context.AnnotationConfigServletWebServerApplicationContext@1aa7ecca: startup date [Tue Nov 19 02:12:45 UTC 2019]; root of context hierarchy
[2m2019-11-19 11:12:48.014[0;39m [32m INFO[0;39m [35m4344[0;39m [2m---[0;39m [2m[           main][0;39m [36mo.s.j.e.a.AnnotationMBeanExporter       [0;39m [2m:[0;39m Registering beans for JMX exposure on startup
[2m2019-11-19 11:12:48.014[0;39m [32m INFO[0;39m [35m4344[0;39m [2m---[0;39m [2m[           main][0;39m [36mo.s.j.e.a.AnnotationMBeanExporter       [0;39m [2m:[0;39m Bean with name 'dataSource' has been autodetected for JMX exposure
[2m2019-11-19 11:12:48.014[0;39m [32m INFO[0;39m [35m4344[0;39m [2m---[0;39m [2m[           main][0;39m [36mo.s.j.e.a.AnnotationMBeanExporter       [0;39m [2m:[0;39m Located MBean 'dataSource': registering with JMX server as MBean [com.zaxxer.hikari:name=dataSource,type=HikariDataSource]
[2m2019-11-19 11:12:48.014[0;39m [32m INFO[0;39m [35m4344[0;39m [2m---[0;39m [2m[           main][0;39m [36mo.a.coyote.http11.Http11NioProtocol     [0;39m [2m:[0;39m Starting ProtocolHandler ["http-nio-8397"]
[2m2019-11-19 11:12:48.030[0;39m [32m INFO[0;39m [35m4344[0;39m [2m---[0;39m [2m[           main][0;39m [36mo.a.tomcat.util.net.NioSelectorPool     [0;39m [2m:[0;39m Using a shared selector for servlet write/read
[2m2019-11-19 11:12:48.030[0;39m [32m INFO[0;39m [35m4344[0;39m [2m---[0;39m [2m[           main][0;39m [36mo.s.b.w.embedded.tomcat.TomcatWebServer [0;39m [2m:[0;39m Tomcat started on port(s): 8397 (http) with context path ''
[2m2019-11-19 11:12:48.030[0;39m [32m INFO[0;39m [35m4344[0;39m [2m---[0;39m [2m[           main][0;39m [36mcom.ssafy.edu.LoginApplication          [0;39m [2m:[0;39m Started LoginApplication in 2.657 seconds (JVM running for 3.09)
[2m2019-11-19 13:55:35.672[0;39m [32m INFO[0;39m [35m14048[0;39m [2m---[0;39m [2m[           main][0;39m [36mcom.ssafy.edu.LoginApplication          [0;39m [2m:[0;39m Starting LoginApplication on DESKTOP with PID 14048 (C:\SSAFY2\work_vue\login\target\classes started by student in C:\SSAFY2\work_vue\login)
[2m2019-11-19 13:55:35.674[0;39m [32m INFO[0;39m [35m14048[0;39m [2m---[0;39m [2m[           main][0;39m [36mcom.ssafy.edu.LoginApplication          [0;39m [2m:[0;39m No active profile set, falling back to default profiles: default
[2m2019-11-19 13:55:35.694[0;39m [32m INFO[0;39m [35m14048[0;39m [2m---[0;39m [2m[           main][0;39m [36mConfigServletWebServerApplicationContext[0;39m [2m:[0;39m Refreshing org.springframework.boot.web.servlet.context.AnnotationConfigServletWebServerApplicationContext@6ae5aa72: startup date [Tue Nov 19 13:55:35 KST 2019]; root of context hierarchy
[2m2019-11-19 13:55:36.279[0;39m [32m INFO[0;39m [35m14048[0;39m [2m---[0;39m [2m[           main][0;39m [36mtrationDelegate$BeanPostProcessorChecker[0;39m [2m:[0;39m Bean 'org.springframework.transaction.annotation.ProxyTransactionManagementConfiguration' of type [org.springframework.transaction.annotation.ProxyTransactionManagementConfiguration$$EnhancerBySpringCGLIB$$a091b39d] is not eligible for getting processed by all BeanPostProcessors (for example: not eligible for auto-proxying)
[2m2019-11-19 13:55:36.303[0;39m [32m INFO[0;39m [35m14048[0;39m [2m---[0;39m [2m[           main][0;39m [36mtrationDelegate$BeanPostProcessorChecker[0;39m [2m:[0;39m Bean 'org.springframework.security.config.annotation.method.configuration.Jsr250MetadataSourceConfiguration' of type [org.springframework.security.config.annotation.method.configuration.Jsr250MetadataSourceConfiguration$$EnhancerBySpringCGLIB$$8369369f] is not eligible for getting processed by all BeanPostProcessors (for example: not eligible for auto-proxying)
[2m2019-11-19 13:55:36.307[0;39m [32m INFO[0;39m [35m14048[0;39m [2m---[0;39m [2m[           main][0;39m [36mtrationDelegate$BeanPostProcessorChecker[0;39m [2m:[0;39m Bean 'jsr250MethodSecurityMetadataSource' of type [org.springframework.security.access.annotation.Jsr250MethodSecurityMetadataSource] is not eligible for getting processed by all BeanPostProcessors (for example: not eligible for auto-proxying)
[2m2019-11-19 13:55:36.309[0;39m [32m INFO[0;39m [35m14048[0;39m [2m---[0;39m [2m[           main][0;39m [36mtrationDelegate$BeanPostProcessorChecker[0;39m [2m:[0;39m Bean 'org.springframework.security.config.annotation.configuration.ObjectPostProcessorConfiguration' of type [org.springframework.security.config.annotation.configuration.ObjectPostProcessorConfiguration$$EnhancerBySpringCGLIB$$393f7bd7] is not eligible for getting processed by all BeanPostProcessors (for example: not eligible for auto-proxying)
[2m2019-11-19 13:55:36.312[0;39m [32m INFO[0;39m [35m14048[0;39m [2m---[0;39m [2m[           main][0;39m [36mtrationDelegate$BeanPostProcessorChecker[0;39m [2m:[0;39m Bean 'objectPostProcessor' of type [org.springframework.security.config.annotation.configuration.AutowireBeanFactoryObjectPostProcessor] is not eligible for getting processed by all BeanPostProcessors (for example: not eligible for auto-proxying)
[2m2019-11-19 13:55:36.313[0;39m [32m INFO[0;39m [35m14048[0;39m [2m---[0;39m [2m[           main][0;39m [36mtrationDelegate$BeanPostProcessorChecker[0;39m [2m:[0;39m Bean 'org.springframework.security.access.expression.method.DefaultMethodSecurityExpressionHandler@44f9779c' of type [org.springframework.security.access.expression.method.DefaultMethodSecurityExpressionHandler] is not eligible for getting processed by all BeanPostProcessors (for example: not eligible for auto-proxying)
[2m2019-11-19 13:55:36.315[0;39m [32m INFO[0;39m [35m14048[0;39m [2m---[0;39m [2m[           main][0;39m [36mtrationDelegate$BeanPostProcessorChecker[0;39m [2m:[0;39m Bean 'org.springframework.security.config.annotation.method.configuration.GlobalMethodSecurityConfiguration' of type [org.springframework.security.config.annotation.method.configuration.GlobalMethodSecurityConfiguration$$EnhancerBySpringCGLIB$$5e141e89] is not eligible for getting processed by all BeanPostProcessors (for example: not eligible for auto-proxying)
[2m2019-11-19 13:55:36.322[0;39m [32m INFO[0;39m [35m14048[0;39m [2m---[0;39m [2m[           main][0;39m [36mtrationDelegate$BeanPostProcessorChecker[0;39m [2m:[0;39m Bean 'methodSecurityMetadataSource' of type [org.springframework.security.access.method.DelegatingMethodSecurityMetadataSource] is not eligible for getting processed by all BeanPostProcessors (for example: not eligible for auto-proxying)
[2m2019-11-19 13:55:36.519[0;39m [32m INFO[0;39m [35m14048[0;39m [2m---[0;39m [2m[           main][0;39m [36mo.s.b.w.embedded.tomcat.TomcatWebServer [0;39m [2m:[0;39m Tomcat initialized with port(s): 8397 (http)
[2m2019-11-19 13:55:36.529[0;39m [32m INFO[0;39m [35m14048[0;39m [2m---[0;39m [2m[           main][0;39m [36mo.a.coyote.http11.Http11NioProtocol     [0;39m [2m:[0;39m Initializing ProtocolHandler ["http-nio-8397"]
[2m2019-11-19 13:55:36.534[0;39m [32m INFO[0;39m [35m14048[0;39m [2m---[0;39m [2m[           main][0;39m [36mo.apache.catalina.core.StandardService  [0;39m [2m:[0;39m Starting service [Tomcat]
[2m2019-11-19 13:55:36.534[0;39m [32m INFO[0;39m [35m14048[0;39m [2m---[0;39m [2m[           main][0;39m [36morg.apache.catalina.core.StandardEngine [0;39m [2m:[0;39m Starting Servlet Engine: Apache Tomcat/8.5.34
[2m2019-11-19 13:55:36.537[0;39m [32m INFO[0;39m [35m14048[0;39m [2m---[0;39m [2m[ost-startStop-1][0;39m [36mo.a.catalina.core.AprLifecycleListener  [0;39m [2m:[0;39m The APR based Apache Tomcat Native library which allows optimal performance in production environments was not found on the java.library.path: [C:\Program Files\Zulu\zulu-8\bin;C:\WINDOWS\Sun\Java\bin;C:\WINDOWS\system32;C:\WINDOWS;C:/Program Files/Zulu/zulu-8/bin/../jre/bin/server;C:/Program Files/Zulu/zulu-8/bin/../jre/bin;C:/Program Files/Zulu/zulu-8/bin/../jre/lib/amd64;C:\Python27\;C:\Python27\Scripts;C:\Program Files\Python35\Scripts\;C:\Program Files\Python35\;C:\Program Files\Git\cmd;C:\Program Files (x86)\Intel\Intel(R) Management Engine Components\iCLS\;C:\Program Files\Intel\Intel(R) Management Engine Components\iCLS\;C:\WINDOWS\system32;C:\WINDOWS;C:\WINDOWS\System32\Wbem;C:\WINDOWS\System32\WindowsPowerShell\v1.0\;C:\Program Files (x86)\Intel\Intel(R) Management Engine Components\DAL;C:\Program Files\Intel\Intel(R) Management Engine Components\DAL;C:\Program Files (x86)\Intel\Intel(R) Management Engine Components\IPT;C:\Program Files\Intel\Intel(R) Management Engine Components\IPT;C:\WINDOWS\System32\OpenSSH\;C:\Program Files\Microsoft SQL Server\130\Tools\Binn\;C:\Program Files\Zulu\zulu-8\bin;C:\Program Files\nodejs\;C:\ProgramData\chocolatey\bin;C:\Program Files\MySQL\MySQL Shell 8.0\bin\;C:\Users\student\AppData\Local\Programs\Microsoft VS Code\bin;C:\Users\student\AppData\Roaming\npm;C:\SSAFY2\sts-bundle\sts-3.9.7.RELEASE;;.]
[2m2019-11-19 13:55:36.606[0;39m [32m INFO[0;39m [35m14048[0;39m [2m---[0;39m [2m[ost-startStop-1][0;39m [36mo.a.c.c.C.[Tomcat].[localhost].[/]      [0;39m [2m:[0;39m Initializing Spring embedded WebApplicationContext
[2m2019-11-19 13:55:36.606[0;39m [32m INFO[0;39m [35m14048[0;39m [2m---[0;39m [2m[ost-startStop-1][0;39m [36mo.s.web.context.ContextLoader           [0;39m [2m:[0;39m Root WebApplicationContext: initialization completed in 912 ms
[2m2019-11-19 13:55:36.808[0;39m [32m INFO[0;39m [35m14048[0;39m [2m---[0;39m [2m[ost-startStop-1][0;39m [36mcom.zaxxer.hikari.HikariDataSource      [0;39m [2m:[0;39m HikariPool-1 - Starting...
[2m2019-11-19 13:55:36.908[0;39m [32m INFO[0;39m [35m14048[0;39m [2m---[0;39m [2m[ost-startStop-1][0;39m [36mcom.zaxxer.hikari.HikariDataSource      [0;39m [2m:[0;39m HikariPool-1 - Start completed.
[2m2019-11-19 13:55:36.941[0;39m [32m INFO[0;39m [35m14048[0;39m [2m---[0;39m [2m[ost-startStop-1][0;39m [36mj.LocalContainerEntityManagerFactoryBean[0;39m [2m:[0;39m Building JPA container EntityManagerFactory for persistence unit 'default'
[2m2019-11-19 13:55:36.949[0;39m [32m INFO[0;39m [35m14048[0;39m [2m---[0;39m [2m[ost-startStop-1][0;39m [36mo.hibernate.jpa.internal.util.LogHelper [0;39m [2m:[0;39m HHH000204: Processing PersistenceUnitInfo [
	name: default
	...]
[2m2019-11-19 13:55:37.022[0;39m [32m INFO[0;39m [35m14048[0;39m [2m---[0;39m [2m[ost-startStop-1][0;39m [36morg.hibernate.Version                   [0;39m [2m:[0;39m HHH000412: Hibernate Core {5.2.17.Final}
[2m2019-11-19 13:55:37.023[0;39m [32m INFO[0;39m [35m14048[0;39m [2m---[0;39m [2m[ost-startStop-1][0;39m [36morg.hibernate.cfg.Environment           [0;39m [2m:[0;39m HHH000206: hibernate.properties not found
[2m2019-11-19 13:55:37.047[0;39m [32m INFO[0;39m [35m14048[0;39m [2m---[0;39m [2m[ost-startStop-1][0;39m [36mo.hibernate.annotations.common.Version  [0;39m [2m:[0;39m HCANN000001: Hibernate Commons Annotations {5.0.1.Final}
[2m2019-11-19 13:55:37.122[0;39m [32m INFO[0;39m [35m14048[0;39m [2m---[0;39m [2m[ost-startStop-1][0;39m [36morg.hibernate.dialect.Dialect           [0;39m [2m:[0;39m HHH000400: Using dialect: org.hibernate.dialect.MySQL5InnoDBDialect
[2m2019-11-19 13:55:37.410[0;39m [32m INFO[0;39m [35m14048[0;39m [2m---[0;39m [2m[ost-startStop-1][0;39m [36mj.LocalContainerEntityManagerFactoryBean[0;39m [2m:[0;39m Initialized JPA EntityManagerFactory for persistence unit 'default'
[2m2019-11-19 13:55:37.623[0;39m [32m INFO[0;39m [35m14048[0;39m [2m---[0;39m [2m[ost-startStop-1][0;39m [36mo.s.b.w.servlet.FilterRegistrationBean  [0;39m [2m:[0;39m Mapping filter: 'characterEncodingFilter' to: [/*]
[2m2019-11-19 13:55:37.624[0;39m [32m INFO[0;39m [35m14048[0;39m [2m---[0;39m [2m[ost-startStop-1][0;39m [36mo.s.b.w.servlet.FilterRegistrationBean  [0;39m [2m:[0;39m Mapping filter: 'hiddenHttpMethodFilter' to: [/*]
[2m2019-11-19 13:55:37.624[0;39m [32m INFO[0;39m [35m14048[0;39m [2m---[0;39m [2m[ost-startStop-1][0;39m [36mo.s.b.w.servlet.FilterRegistrationBean  [0;39m [2m:[0;39m Mapping filter: 'httpPutFormContentFilter' to: [/*]
[2m2019-11-19 13:55:37.624[0;39m [32m INFO[0;39m [35m14048[0;39m [2m---[0;39m [2m[ost-startStop-1][0;39m [36mo.s.b.w.servlet.FilterRegistrationBean  [0;39m [2m:[0;39m Mapping filter: 'requestContextFilter' to: [/*]
[2m2019-11-19 13:55:37.624[0;39m [32m INFO[0;39m [35m14048[0;39m [2m---[0;39m [2m[ost-startStop-1][0;39m [36m.s.DelegatingFilterProxyRegistrationBean[0;39m [2m:[0;39m Mapping filter: 'springSecurityFilterChain' to: [/*]
[2m2019-11-19 13:55:37.624[0;39m [32m INFO[0;39m [35m14048[0;39m [2m---[0;39m [2m[ost-startStop-1][0;39m [36mo.s.b.w.servlet.FilterRegistrationBean  [0;39m [2m:[0;39m Mapping filter: 'jwtAuthenticationFilter' to: [/*]
[2m2019-11-19 13:55:37.624[0;39m [32m INFO[0;39m [35m14048[0;39m [2m---[0;39m [2m[ost-startStop-1][0;39m [36mo.s.b.w.servlet.ServletRegistrationBean [0;39m [2m:[0;39m Servlet dispatcherServlet mapped to [/]
[2m2019-11-19 13:55:37.799[0;39m [32m INFO[0;39m [35m14048[0;39m [2m---[0;39m [2m[           main][0;39m [36mo.s.w.s.handler.SimpleUrlHandlerMapping [0;39m [2m:[0;39m Mapped URL path [/**/favicon.ico] onto handler of type [class org.springframework.web.servlet.resource.ResourceHttpRequestHandler]
[2m2019-11-19 13:55:37.805[0;39m [33m WARN[0;39m [35m14048[0;39m [2m---[0;39m [2m[           main][0;39m [36maWebConfiguration$JpaWebMvcConfiguration[0;39m [2m:[0;39m spring.jpa.open-in-view is enabled by default. Therefore, database queries may be performed during view rendering. Explicitly configure spring.jpa.open-in-view to disable this warning
[2m2019-11-19 13:55:37.835[0;39m [32m INFO[0;39m [35m14048[0;39m [2m---[0;39m [2m[           main][0;39m [36ms.w.s.m.m.a.RequestMappingHandlerMapping[0;39m [2m:[0;39m Mapped "{[/api/auth/signin],methods=[POST]}" onto public org.springframework.http.ResponseEntity<?> com.ssafy.edu.controller.AuthController.authenticateUser(com.ssafy.edu.help.LoginRequest)
[2m2019-11-19 13:55:37.836[0;39m [32m INFO[0;39m [35m14048[0;39m [2m---[0;39m [2m[           main][0;39m [36ms.w.s.m.m.a.RequestMappingHandlerMapping[0;39m [2m:[0;39m Mapped "{[/api/auth/signup],methods=[POST]}" onto public org.springframework.http.ResponseEntity<?> com.ssafy.edu.controller.AuthController.registerUser(com.ssafy.edu.help.SignUpRequest)
[2m2019-11-19 13:55:37.836[0;39m [32m INFO[0;39m [35m14048[0;39m [2m---[0;39m [2m[           main][0;39m [36ms.w.s.m.m.a.RequestMappingHandlerMapping[0;39m [2m:[0;39m Mapped "{[/api/users/{username}],methods=[GET]}" onto public com.ssafy.edu.help.UserProfile com.ssafy.edu.controller.UserController.getUserProfile(java.lang.String)
[2m2019-11-19 13:55:37.837[0;39m [32m INFO[0;39m [35m14048[0;39m [2m---[0;39m [2m[           main][0;39m [36ms.w.s.m.m.a.RequestMappingHandlerMapping[0;39m [2m:[0;39m Mapped "{[/api/user/checkEmailAvailability],methods=[GET]}" onto public com.ssafy.edu.help.UserIdentityAvailability com.ssafy.edu.controller.UserController.checkEmailAvailability(java.lang.String)
[2m2019-11-19 13:55:37.837[0;39m [32m INFO[0;39m [35m14048[0;39m [2m---[0;39m [2m[           main][0;39m [36ms.w.s.m.m.a.RequestMappingHandlerMapping[0;39m [2m:[0;39m Mapped "{[/api/user/checkUsernameAvailability],methods=[GET]}" onto public com.ssafy.edu.help.UserIdentityAvailability com.ssafy.edu.controller.UserController.checkUsernameAvailability(java.lang.String)
[2m2019-11-19 13:55:37.838[0;39m [32m INFO[0;39m [35m14048[0;39m [2m---[0;39m [2m[           main][0;39m [36ms.w.s.m.m.a.RequestMappingHandlerMapping[0;39m [2m:[0;39m Mapped "{[/error]}" onto public org.springframework.http.ResponseEntity<java.util.Map<java.lang.String, java.lang.Object>> org.springframework.boot.autoconfigure.web.servlet.error.BasicErrorController.error(javax.servlet.http.HttpServletRequest)
[2m2019-11-19 13:55:37.839[0;39m [32m INFO[0;39m [35m14048[0;39m [2m---[0;39m [2m[           main][0;39m [36ms.w.s.m.m.a.RequestMappingHandlerMapping[0;39m [2m:[0;39m Mapped "{[/error],produces=[text/html]}" onto public org.springframework.web.servlet.ModelAndView org.springframework.boot.autoconfigure.web.servlet.error.BasicErrorController.errorHtml(javax.servlet.http.HttpServletRequest,javax.servlet.http.HttpServletResponse)
[2m2019-11-19 13:55:37.862[0;39m [32m INFO[0;39m [35m14048[0;39m [2m---[0;39m [2m[           main][0;39m [36mo.s.w.s.handler.SimpleUrlHandlerMapping [0;39m [2m:[0;39m Mapped URL path [/webjars/**] onto handler of type [class org.springframework.web.servlet.resource.ResourceHttpRequestHandler]
[2m2019-11-19 13:55:37.862[0;39m [32m INFO[0;39m [35m14048[0;39m [2m---[0;39m [2m[           main][0;39m [36mo.s.w.s.handler.SimpleUrlHandlerMapping [0;39m [2m:[0;39m Mapped URL path [/**] onto handler of type [class org.springframework.web.servlet.resource.ResourceHttpRequestHandler]
[2m2019-11-19 13:55:37.882[0;39m [32m INFO[0;39m [35m14048[0;39m [2m---[0;39m [2m[           main][0;39m [36mo.s.s.web.DefaultSecurityFilterChain    [0;39m [2m:[0;39m Creating filter chain: org.springframework.security.web.util.matcher.AnyRequestMatcher@1, [org.springframework.security.web.context.request.async.WebAsyncManagerIntegrationFilter@21f8e55f, org.springframework.security.web.context.SecurityContextPersistenceFilter@7965a51c, org.springframework.security.web.header.HeaderWriterFilter@597f48df, org.springframework.web.filter.CorsFilter@d5ce97f, org.springframework.security.web.authentication.logout.LogoutFilter@46866946, com.ssafy.edu.security.JwtAuthenticationFilter@681e6900, org.springframework.security.web.savedrequest.RequestCacheAwareFilter@4f63e3c7, org.springframework.security.web.servletapi.SecurityContextHolderAwareRequestFilter@1e54cb33, org.springframework.security.web.authentication.AnonymousAuthenticationFilter@7048535f, org.springframework.security.web.session.SessionManagementFilter@314ed053, org.springframework.security.web.access.ExceptionTranslationFilter@4f8b4bd0, org.springframework.security.web.access.intercept.FilterSecurityInterceptor@3fd2322d]
[2m2019-11-19 13:55:38.015[0;39m [32m INFO[0;39m [35m14048[0;39m [2m---[0;39m [2m[           main][0;39m [36ms.w.s.m.m.a.RequestMappingHandlerAdapter[0;39m [2m:[0;39m Looking for @ControllerAdvice: org.springframework.boot.web.servlet.context.AnnotationConfigServletWebServerApplicationContext@6ae5aa72: startup date [Tue Nov 19 04:55:35 UTC 2019]; root of context hierarchy
[2m2019-11-19 13:55:38.171[0;39m [32m INFO[0;39m [35m14048[0;39m [2m---[0;39m [2m[           main][0;39m [36mo.s.j.e.a.AnnotationMBeanExporter       [0;39m [2m:[0;39m Registering beans for JMX exposure on startup
[2m2019-11-19 13:55:38.171[0;39m [32m INFO[0;39m [35m14048[0;39m [2m---[0;39m [2m[           main][0;39m [36mo.s.j.e.a.AnnotationMBeanExporter       [0;39m [2m:[0;39m Bean with name 'dataSource' has been autodetected for JMX exposure
[2m2019-11-19 13:55:38.174[0;39m [32m INFO[0;39m [35m14048[0;39m [2m---[0;39m [2m[           main][0;39m [36mo.s.j.e.a.AnnotationMBeanExporter       [0;39m [2m:[0;39m Located MBean 'dataSource': registering with JMX server as MBean [com.zaxxer.hikari:name=dataSource,type=HikariDataSource]
[2m2019-11-19 13:55:38.180[0;39m [32m INFO[0;39m [35m14048[0;39m [2m---[0;39m [2m[           main][0;39m [36mo.a.coyote.http11.Http11NioProtocol     [0;39m [2m:[0;39m Starting ProtocolHandler ["http-nio-8397"]
[2m2019-11-19 13:55:38.184[0;39m [31mERROR[0;39m [35m14048[0;39m [2m---[0;39m [2m[           main][0;39m [36mo.apache.catalina.core.StandardService  [0;39m [2m:[0;39m Failed to start connector [Connector[HTTP/1.1-8397]]

org.apache.catalina.LifecycleException: Failed to start component [Connector[HTTP/1.1-8397]]
	at org.apache.catalina.util.LifecycleBase.start(LifecycleBase.java:167)
	at org.apache.catalina.core.StandardService.addConnector(StandardService.java:225)
	at org.springframework.boot.web.embedded.tomcat.TomcatWebServer.addPreviouslyRemovedConnectors(TomcatWebServer.java:256)
	at org.springframework.boot.web.embedded.tomcat.TomcatWebServer.start(TomcatWebServer.java:198)
	at org.springframework.boot.web.servlet.context.ServletWebServerApplicationContext.startWebServer(ServletWebServerApplicationContext.java:300)
	at org.springframework.boot.web.servlet.context.ServletWebServerApplicationContext.finishRefresh(ServletWebServerApplicationContext.java:162)
	at org.springframework.context.support.AbstractApplicationContext.refresh(AbstractApplicationContext.java:553)
	at org.springframework.boot.web.servlet.context.ServletWebServerApplicationContext.refresh(ServletWebServerApplicationContext.java:140)
	at org.springframework.boot.SpringApplication.refresh(SpringApplication.java:780)
	at org.springframework.boot.SpringApplication.refreshContext(SpringApplication.java:412)
	at org.springframework.boot.SpringApplication.run(SpringApplication.java:333)
	at org.springframework.boot.SpringApplication.run(SpringApplication.java:1277)
	at org.springframework.boot.SpringApplication.run(SpringApplication.java:1265)
	at com.ssafy.edu.LoginApplication.main(LoginApplication.java:24)
Caused by: org.apache.catalina.LifecycleException: Protocol handler start failed
	at org.apache.catalina.connector.Connector.startInternal(Connector.java:1020)
	at org.apache.catalina.util.LifecycleBase.start(LifecycleBase.java:150)
	... 13 common frames omitted
Caused by: java.net.BindException: Address already in use: bind
	at sun.nio.ch.Net.bind0(Native Method)
	at sun.nio.ch.Net.bind(Net.java:433)
	at sun.nio.ch.Net.bind(Net.java:425)
	at sun.nio.ch.ServerSocketChannelImpl.bind(ServerSocketChannelImpl.java:223)
	at sun.nio.ch.ServerSocketAdaptor.bind(ServerSocketAdaptor.java:74)
	at org.apache.tomcat.util.net.NioEndpoint.bind(NioEndpoint.java:219)
	at org.apache.tomcat.util.net.AbstractEndpoint.start(AbstractEndpoint.java:1151)
	at org.apache.coyote.AbstractProtocol.start(AbstractProtocol.java:591)
	at org.apache.catalina.connector.Connector.startInternal(Connector.java:1018)
	... 14 common frames omitted

[2m2019-11-19 13:55:38.185[0;39m [32m INFO[0;39m [35m14048[0;39m [2m---[0;39m [2m[           main][0;39m [36mo.a.coyote.http11.Http11NioProtocol     [0;39m [2m:[0;39m Pausing ProtocolHandler ["http-nio-8397"]
[2m2019-11-19 13:55:38.185[0;39m [32m INFO[0;39m [35m14048[0;39m [2m---[0;39m [2m[           main][0;39m [36mo.apache.catalina.core.StandardService  [0;39m [2m:[0;39m Stopping service [Tomcat]
[2m2019-11-19 13:55:38.192[0;39m [33m WARN[0;39m [35m14048[0;39m [2m---[0;39m [2m[ost-startStop-1][0;39m [36mo.a.c.loader.WebappClassLoaderBase      [0;39m [2m:[0;39m The web application [ROOT] appears to have started a thread named [HikariPool-1 housekeeper] but has failed to stop it. This is very likely to create a memory leak. Stack trace of thread:
 sun.misc.Unsafe.park(Native Method)
 java.util.concurrent.locks.LockSupport.parkNanos(LockSupport.java:215)
 java.util.concurrent.locks.AbstractQueuedSynchronizer$ConditionObject.awaitNanos(AbstractQueuedSynchronizer.java:2078)
 java.util.concurrent.ScheduledThreadPoolExecutor$DelayedWorkQueue.take(ScheduledThreadPoolExecutor.java:1093)
 java.util.concurrent.ScheduledThreadPoolExecutor$DelayedWorkQueue.take(ScheduledThreadPoolExecutor.java:809)
 java.util.concurrent.ThreadPoolExecutor.getTask(ThreadPoolExecutor.java:1074)
 java.util.concurrent.ThreadPoolExecutor.runWorker(ThreadPoolExecutor.java:1134)
 java.util.concurrent.ThreadPoolExecutor$Worker.run(ThreadPoolExecutor.java:624)
 java.lang.Thread.run(Thread.java:748)
[2m2019-11-19 13:55:38.192[0;39m [33m WARN[0;39m [35m14048[0;39m [2m---[0;39m [2m[ost-startStop-1][0;39m [36mo.a.c.loader.WebappClassLoaderBase      [0;39m [2m:[0;39m The web application [ROOT] appears to have started a thread named [HikariPool-1 connection adder] but has failed to stop it. This is very likely to create a memory leak. Stack trace of thread:
 sun.misc.Unsafe.park(Native Method)
 java.util.concurrent.locks.LockSupport.parkNanos(LockSupport.java:215)
 java.util.concurrent.locks.AbstractQueuedSynchronizer$ConditionObject.awaitNanos(AbstractQueuedSynchronizer.java:2078)
 java.util.concurrent.LinkedBlockingQueue.poll(LinkedBlockingQueue.java:467)
 java.util.concurrent.ThreadPoolExecutor.getTask(ThreadPoolExecutor.java:1073)
 java.util.concurrent.ThreadPoolExecutor.runWorker(ThreadPoolExecutor.java:1134)
 java.util.concurrent.ThreadPoolExecutor$Worker.run(ThreadPoolExecutor.java:624)
 java.lang.Thread.run(Thread.java:748)
[2m2019-11-19 13:55:38.194[0;39m [32m INFO[0;39m [35m14048[0;39m [2m---[0;39m [2m[           main][0;39m [36morg.apache.catalina.util.LifecycleBase  [0;39m [2m:[0;39m The stop() method was called on component [StandardServer[-1]] after stop() had already been called. The second call will be ignored.
[2m2019-11-19 13:55:38.195[0;39m [32m INFO[0;39m [35m14048[0;39m [2m---[0;39m [2m[           main][0;39m [36mo.a.coyote.http11.Http11NioProtocol     [0;39m [2m:[0;39m Stopping ProtocolHandler ["http-nio-8397"]
[2m2019-11-19 13:55:38.195[0;39m [32m INFO[0;39m [35m14048[0;39m [2m---[0;39m [2m[           main][0;39m [36mo.a.coyote.http11.Http11NioProtocol     [0;39m [2m:[0;39m Destroying ProtocolHandler ["http-nio-8397"]
[2m2019-11-19 13:55:38.196[0;39m [32m INFO[0;39m [35m14048[0;39m [2m---[0;39m [2m[           main][0;39m [36mConditionEvaluationReportLoggingListener[0;39m [2m:[0;39m 

Error starting ApplicationContext. To display the conditions report re-run your application with 'debug' enabled.
[2m2019-11-19 13:55:38.198[0;39m [31mERROR[0;39m [35m14048[0;39m [2m---[0;39m [2m[           main][0;39m [36mo.s.b.d.LoggingFailureAnalysisReporter  [0;39m [2m:[0;39m 

***************************
APPLICATION FAILED TO START
***************************

Description:

The Tomcat connector configured to listen on port 8397 failed to start. The port may already be in use or the connector may be misconfigured.

Action:

Verify the connector's configuration, identify and stop any process that's listening on port 8397, or configure this application to listen on another port.

[2m2019-11-19 13:55:38.199[0;39m [32m INFO[0;39m [35m14048[0;39m [2m---[0;39m [2m[           main][0;39m [36mConfigServletWebServerApplicationContext[0;39m [2m:[0;39m Closing org.springframework.boot.web.servlet.context.AnnotationConfigServletWebServerApplicationContext@6ae5aa72: startup date [Tue Nov 19 04:55:35 UTC 2019]; root of context hierarchy
[2m2019-11-19 13:55:38.200[0;39m [32m INFO[0;39m [35m14048[0;39m [2m---[0;39m [2m[           main][0;39m [36mo.s.j.e.a.AnnotationMBeanExporter       [0;39m [2m:[0;39m Unregistering JMX-exposed beans on shutdown
[2m2019-11-19 13:55:38.200[0;39m [32m INFO[0;39m [35m14048[0;39m [2m---[0;39m [2m[           main][0;39m [36mo.s.j.e.a.AnnotationMBeanExporter       [0;39m [2m:[0;39m Unregistering JMX-exposed beans
[2m2019-11-19 13:55:38.201[0;39m [32m INFO[0;39m [35m14048[0;39m [2m---[0;39m [2m[           main][0;39m [36mj.LocalContainerEntityManagerFactoryBean[0;39m [2m:[0;39m Closing JPA EntityManagerFactory for persistence unit 'default'
[2m2019-11-19 13:55:38.201[0;39m [32m INFO[0;39m [35m14048[0;39m [2m---[0;39m [2m[           main][0;39m [36mcom.zaxxer.hikari.HikariDataSource      [0;39m [2m:[0;39m HikariPool-1 - Shutdown initiated...
[2m2019-11-19 13:55:38.202[0;39m [32m INFO[0;39m [35m14048[0;39m [2m---[0;39m [2m[           main][0;39m [36mcom.zaxxer.hikari.HikariDataSource      [0;39m [2m:[0;39m HikariPool-1 - Shutdown completed.
[2m2019-11-19 14:05:16.648[0;39m [32m INFO[0;39m [35m4344[0;39m [2m---[0;39m [2m[nio-8397-exec-3][0;39m [36mo.a.c.c.C.[Tomcat].[localhost].[/]      [0;39m [2m:[0;39m Initializing Spring FrameworkServlet 'dispatcherServlet'
[2m2019-11-19 14:05:16.648[0;39m [32m INFO[0;39m [35m4344[0;39m [2m---[0;39m [2m[nio-8397-exec-3][0;39m [36mo.s.web.servlet.DispatcherServlet       [0;39m [2m:[0;39m FrameworkServlet 'dispatcherServlet': initialization started
[2m2019-11-19 14:05:16.659[0;39m [32m INFO[0;39m [35m4344[0;39m [2m---[0;39m [2m[nio-8397-exec-3][0;39m [36mo.s.web.servlet.DispatcherServlet       [0;39m [2m:[0;39m FrameworkServlet 'dispatcherServlet': initialization completed in 11 ms
[2m2019-11-19 14:05:16.727[0;39m [32m INFO[0;39m [35m4344[0;39m [2m---[0;39m [2m[nio-8397-exec-2][0;39m [36mcom.ssafy.edu.controller.AuthController [0;39m [2m:[0;39m 1-------------registerUser-----------------------------com.ssafy.edu.help.SignUpRequest@7a975f5d
[2m2019-11-19 14:05:16.738[0;39m [32m INFO[0;39m [35m4344[0;39m [2m---[0;39m [2m[nio-8397-exec-2][0;39m [36mo.h.h.i.QueryTranslatorFactoryInitiator [0;39m [2m:[0;39m HHH000397: Using ASTQueryTranslatorFactory
[2m2019-11-19 14:05:16.784[0;39m [32mDEBUG[0;39m [35m4344[0;39m [2m---[0;39m [2m[nio-8397-exec-2][0;39m [36morg.hibernate.SQL                       [0;39m [2m:[0;39m select memberuser0_.id as col_0_0_ from users memberuser0_ where memberuser0_.username=? limit ?
[2m2019-11-19 14:05:16.794[0;39m [32m INFO[0;39m [35m4344[0;39m [2m---[0;39m [2m[nio-8397-exec-2][0;39m [36mcom.ssafy.edu.controller.AuthController [0;39m [2m:[0;39m 2-------------registerUser-----------------------------com.ssafy.edu.help.SignUpRequest@7a975f5d
[2m2019-11-19 14:05:16.796[0;39m [32mDEBUG[0;39m [35m4344[0;39m [2m---[0;39m [2m[nio-8397-exec-2][0;39m [36morg.hibernate.SQL                       [0;39m [2m:[0;39m select memberuser0_.id as col_0_0_ from users memberuser0_ where memberuser0_.email=? limit ?
[2m2019-11-19 14:05:16.796[0;39m [32m INFO[0;39m [35m4344[0;39m [2m---[0;39m [2m[nio-8397-exec-2][0;39m [36mcom.ssafy.edu.controller.AuthController [0;39m [2m:[0;39m 3-------------registerUser-----------------------------com.ssafy.edu.help.SignUpRequest@7a975f5d
[2m2019-11-19 14:05:16.796[0;39m [32m INFO[0;39m [35m4344[0;39m [2m---[0;39m [2m[nio-8397-exec-2][0;39m [36mcom.ssafy.edu.controller.AuthController [0;39m [2m:[0;39m 4-------------registerUser-----------------------------com.ssafy.edu.model.MemberUser@584e3907
[2m2019-11-19 14:05:16.868[0;39m [32mDEBUG[0;39m [35m4344[0;39m [2m---[0;39m [2m[nio-8397-exec-2][0;39m [36morg.hibernate.SQL                       [0;39m [2m:[0;39m select role0_.id as id1_0_, role0_.name as name2_0_ from roles role0_ where role0_.name=?
[2m2019-11-19 14:05:16.926[0;39m [32mDEBUG[0;39m [35m4344[0;39m [2m---[0;39m [2m[nio-8397-exec-2][0;39m [36morg.hibernate.SQL                       [0;39m [2m:[0;39m insert into users (created_at, updated_at, email, name, password, username) values (?, ?, ?, ?, ?, ?)
[2m2019-11-19 14:05:16.939[0;39m [32mDEBUG[0;39m [35m4344[0;39m [2m---[0;39m [2m[nio-8397-exec-2][0;39m [36morg.hibernate.SQL                       [0;39m [2m:[0;39m insert into user_roles (user_id, role_id) values (?, ?)
[2m2019-11-19 14:05:44.236[0;39m [32m INFO[0;39m [35m4344[0;39m [2m---[0;39m [2m[nio-8397-exec-6][0;39m [36mcom.ssafy.edu.controller.AuthController [0;39m [2m:[0;39m 1-------------authenticateUser-----------------------------LoginRequest [usernameOrEmail=jungjera, password=kelly0789!]
[2m2019-11-19 14:05:44.305[0;39m [32mDEBUG[0;39m [35m4344[0;39m [2m---[0;39m [2m[nio-8397-exec-6][0;39m [36morg.hibernate.SQL                       [0;39m [2m:[0;39m select memberuser0_.id as id1_2_, memberuser0_.created_at as created_2_2_, memberuser0_.updated_at as updated_3_2_, memberuser0_.email as email4_2_, memberuser0_.name as name5_2_, memberuser0_.password as password6_2_, memberuser0_.username as username7_2_ from users memberuser0_ where memberuser0_.username=? or memberuser0_.email=?
[2m2019-11-19 14:05:44.310[0;39m [32mDEBUG[0;39m [35m4344[0;39m [2m---[0;39m [2m[nio-8397-exec-6][0;39m [36morg.hibernate.SQL                       [0;39m [2m:[0;39m select roles0_.user_id as user_id1_1_0_, roles0_.role_id as role_id2_1_0_, role1_.id as id1_0_1_, role1_.name as name2_0_1_ from user_roles roles0_ inner join roles role1_ on roles0_.role_id=role1_.id where roles0_.user_id=?
[2m2019-11-19 14:05:45.948[0;39m [32mDEBUG[0;39m [35m4344[0;39m [2m---[0;39m [2m[nio-8397-exec-1][0;39m [36morg.hibernate.SQL                       [0;39m [2m:[0;39m select memberuser0_.id as id1_2_, memberuser0_.created_at as created_2_2_, memberuser0_.updated_at as updated_3_2_, memberuser0_.email as email4_2_, memberuser0_.name as name5_2_, memberuser0_.password as password6_2_, memberuser0_.username as username7_2_ from users memberuser0_ where memberuser0_.username=?
[2m2019-11-19 14:05:54.579[0;39m [32m INFO[0;39m [35m4344[0;39m [2m---[0;39m [2m[nio-8397-exec-5][0;39m [36mcom.ssafy.edu.controller.AuthController [0;39m [2m:[0;39m 1-------------authenticateUser-----------------------------LoginRequest [usernameOrEmail=jungjera, password=kelly0789!]
[2m2019-11-19 14:05:54.581[0;39m [32mDEBUG[0;39m [35m4344[0;39m [2m---[0;39m [2m[nio-8397-exec-5][0;39m [36morg.hibernate.SQL                       [0;39m [2m:[0;39m select memberuser0_.id as id1_2_, memberuser0_.created_at as created_2_2_, memberuser0_.updated_at as updated_3_2_, memberuser0_.email as email4_2_, memberuser0_.name as name5_2_, memberuser0_.password as password6_2_, memberuser0_.username as username7_2_ from users memberuser0_ where memberuser0_.username=? or memberuser0_.email=?
[2m2019-11-19 14:05:54.582[0;39m [32mDEBUG[0;39m [35m4344[0;39m [2m---[0;39m [2m[nio-8397-exec-5][0;39m [36morg.hibernate.SQL                       [0;39m [2m:[0;39m select roles0_.user_id as user_id1_1_0_, roles0_.role_id as role_id2_1_0_, role1_.id as id1_0_1_, role1_.name as name2_0_1_ from user_roles roles0_ inner join roles role1_ on roles0_.role_id=role1_.id where roles0_.user_id=?
[2m2019-11-19 14:05:55.973[0;39m [32mDEBUG[0;39m [35m4344[0;39m [2m---[0;39m [2m[nio-8397-exec-7][0;39m [36morg.hibernate.SQL                       [0;39m [2m:[0;39m select memberuser0_.id as id1_2_, memberuser0_.created_at as created_2_2_, memberuser0_.updated_at as updated_3_2_, memberuser0_.email as email4_2_, memberuser0_.name as name5_2_, memberuser0_.password as password6_2_, memberuser0_.username as username7_2_ from users memberuser0_ where memberuser0_.username=?
[2m2019-11-19 14:06:20.173[0;39m [32m INFO[0;39m [35m4344[0;39m [2m---[0;39m [2m[on(2)-127.0.0.1][0;39m [36minMXBeanRegistrar$SpringApplicationAdmin[0;39m [2m:[0;39m Application shutdown requested.
[2m2019-11-19 14:06:20.173[0;39m [32m INFO[0;39m [35m4344[0;39m [2m---[0;39m [2m[on(2)-127.0.0.1][0;39m [36mConfigServletWebServerApplicationContext[0;39m [2m:[0;39m Closing org.springframework.boot.web.servlet.context.AnnotationConfigServletWebServerApplicationContext@1aa7ecca: startup date [Tue Nov 19 02:12:45 UTC 2019]; root of context hierarchy
[2m2019-11-19 14:06:20.175[0;39m [32m INFO[0;39m [35m4344[0;39m [2m---[0;39m [2m[on(2)-127.0.0.1][0;39m [36mo.s.j.e.a.AnnotationMBeanExporter       [0;39m [2m:[0;39m Unregistering JMX-exposed beans on shutdown
[2m2019-11-19 14:06:20.175[0;39m [32m INFO[0;39m [35m4344[0;39m [2m---[0;39m [2m[on(2)-127.0.0.1][0;39m [36mo.s.j.e.a.AnnotationMBeanExporter       [0;39m [2m:[0;39m Unregistering JMX-exposed beans
[2m2019-11-19 14:06:20.176[0;39m [32m INFO[0;39m [35m4344[0;39m [2m---[0;39m [2m[on(2)-127.0.0.1][0;39m [36mj.LocalContainerEntityManagerFactoryBean[0;39m [2m:[0;39m Closing JPA EntityManagerFactory for persistence unit 'default'
[2m2019-11-19 14:06:20.176[0;39m [32m INFO[0;39m [35m4344[0;39m [2m---[0;39m [2m[on(2)-127.0.0.1][0;39m [36mcom.zaxxer.hikari.HikariDataSource      [0;39m [2m:[0;39m HikariPool-1 - Shutdown initiated...
[2m2019-11-19 14:06:20.182[0;39m [32m INFO[0;39m [35m4344[0;39m [2m---[0;39m [2m[on(2)-127.0.0.1][0;39m [36mcom.zaxxer.hikari.HikariDataSource      [0;39m [2m:[0;39m HikariPool-1 - Shutdown completed.
[2m2019-11-19 14:06:49.729[0;39m [32m INFO[0;39m [35m8652[0;39m [2m---[0;39m [2m[           main][0;39m [36mcom.ssafy.edu.LoginApplication          [0;39m [2m:[0;39m Starting LoginApplication on DESKTOP with PID 8652 (C:\SSAFY2\work_vue\login\target\classes started by student in C:\SSAFY2\work_vue\login)
[2m2019-11-19 14:06:49.730[0;39m [32m INFO[0;39m [35m8652[0;39m [2m---[0;39m [2m[           main][0;39m [36mcom.ssafy.edu.LoginApplication          [0;39m [2m:[0;39m No active profile set, falling back to default profiles: default
[2m2019-11-19 14:06:49.751[0;39m [32m INFO[0;39m [35m8652[0;39m [2m---[0;39m [2m[           main][0;39m [36mConfigServletWebServerApplicationContext[0;39m [2m:[0;39m Refreshing org.springframework.boot.web.servlet.context.AnnotationConfigServletWebServerApplicationContext@5c5eefef: startup date [Tue Nov 19 14:06:49 KST 2019]; root of context hierarchy
[2m2019-11-19 14:06:50.298[0;39m [32m INFO[0;39m [35m8652[0;39m [2m---[0;39m [2m[           main][0;39m [36mtrationDelegate$BeanPostProcessorChecker[0;39m [2m:[0;39m Bean 'org.springframework.transaction.annotation.ProxyTransactionManagementConfiguration' of type [org.springframework.transaction.annotation.ProxyTransactionManagementConfiguration$$EnhancerBySpringCGLIB$$61d3af52] is not eligible for getting processed by all BeanPostProcessors (for example: not eligible for auto-proxying)
[2m2019-11-19 14:06:50.321[0;39m [32m INFO[0;39m [35m8652[0;39m [2m---[0;39m [2m[           main][0;39m [36mtrationDelegate$BeanPostProcessorChecker[0;39m [2m:[0;39m Bean 'org.springframework.security.config.annotation.configuration.ObjectPostProcessorConfiguration' of type [org.springframework.security.config.annotation.configuration.ObjectPostProcessorConfiguration$$EnhancerBySpringCGLIB$$fa81778c] is not eligible for getting processed by all BeanPostProcessors (for example: not eligible for auto-proxying)
[2m2019-11-19 14:06:50.325[0;39m [32m INFO[0;39m [35m8652[0;39m [2m---[0;39m [2m[           main][0;39m [36mtrationDelegate$BeanPostProcessorChecker[0;39m [2m:[0;39m Bean 'objectPostProcessor' of type [org.springframework.security.config.annotation.configuration.AutowireBeanFactoryObjectPostProcessor] is not eligible for getting processed by all BeanPostProcessors (for example: not eligible for auto-proxying)
[2m2019-11-19 14:06:50.326[0;39m [32m INFO[0;39m [35m8652[0;39m [2m---[0;39m [2m[           main][0;39m [36mtrationDelegate$BeanPostProcessorChecker[0;39m [2m:[0;39m Bean 'org.springframework.security.access.expression.method.DefaultMethodSecurityExpressionHandler@bf71cec' of type [org.springframework.security.access.expression.method.DefaultMethodSecurityExpressionHandler] is not eligible for getting processed by all BeanPostProcessors (for example: not eligible for auto-proxying)
[2m2019-11-19 14:06:50.330[0;39m [32m INFO[0;39m [35m8652[0;39m [2m---[0;39m [2m[           main][0;39m [36mtrationDelegate$BeanPostProcessorChecker[0;39m [2m:[0;39m Bean 'org.springframework.security.config.annotation.method.configuration.Jsr250MetadataSourceConfiguration' of type [org.springframework.security.config.annotation.method.configuration.Jsr250MetadataSourceConfiguration$$EnhancerBySpringCGLIB$$44ab3254] is not eligible for getting processed by all BeanPostProcessors (for example: not eligible for auto-proxying)
[2m2019-11-19 14:06:50.333[0;39m [32m INFO[0;39m [35m8652[0;39m [2m---[0;39m [2m[           main][0;39m [36mtrationDelegate$BeanPostProcessorChecker[0;39m [2m:[0;39m Bean 'jsr250MethodSecurityMetadataSource' of type [org.springframework.security.access.annotation.Jsr250MethodSecurityMetadataSource] is not eligible for getting processed by all BeanPostProcessors (for example: not eligible for auto-proxying)
[2m2019-11-19 14:06:50.334[0;39m [32m INFO[0;39m [35m8652[0;39m [2m---[0;39m [2m[           main][0;39m [36mtrationDelegate$BeanPostProcessorChecker[0;39m [2m:[0;39m Bean 'org.springframework.security.config.annotation.method.configuration.GlobalMethodSecurityConfiguration' of type [org.springframework.security.config.annotation.method.configuration.GlobalMethodSecurityConfiguration$$EnhancerBySpringCGLIB$$1f561a3e] is not eligible for getting processed by all BeanPostProcessors (for example: not eligible for auto-proxying)
[2m2019-11-19 14:06:50.339[0;39m [32m INFO[0;39m [35m8652[0;39m [2m---[0;39m [2m[           main][0;39m [36mtrationDelegate$BeanPostProcessorChecker[0;39m [2m:[0;39m Bean 'methodSecurityMetadataSource' of type [org.springframework.security.access.method.DelegatingMethodSecurityMetadataSource] is not eligible for getting processed by all BeanPostProcessors (for example: not eligible for auto-proxying)
[2m2019-11-19 14:06:50.535[0;39m [32m INFO[0;39m [35m8652[0;39m [2m---[0;39m [2m[           main][0;39m [36mo.s.b.w.embedded.tomcat.TomcatWebServer [0;39m [2m:[0;39m Tomcat initialized with port(s): 8397 (http)
[2m2019-11-19 14:06:50.545[0;39m [32m INFO[0;39m [35m8652[0;39m [2m---[0;39m [2m[           main][0;39m [36mo.a.coyote.http11.Http11NioProtocol     [0;39m [2m:[0;39m Initializing ProtocolHandler ["http-nio-8397"]
[2m2019-11-19 14:06:50.550[0;39m [32m INFO[0;39m [35m8652[0;39m [2m---[0;39m [2m[           main][0;39m [36mo.apache.catalina.core.StandardService  [0;39m [2m:[0;39m Starting service [Tomcat]
[2m2019-11-19 14:06:50.550[0;39m [32m INFO[0;39m [35m8652[0;39m [2m---[0;39m [2m[           main][0;39m [36morg.apache.catalina.core.StandardEngine [0;39m [2m:[0;39m Starting Servlet Engine: Apache Tomcat/8.5.34
[2m2019-11-19 14:06:50.552[0;39m [32m INFO[0;39m [35m8652[0;39m [2m---[0;39m [2m[ost-startStop-1][0;39m [36mo.a.catalina.core.AprLifecycleListener  [0;39m [2m:[0;39m The APR based Apache Tomcat Native library which allows optimal performance in production environments was not found on the java.library.path: [C:\Program Files\Zulu\zulu-8\bin;C:\WINDOWS\Sun\Java\bin;C:\WINDOWS\system32;C:\WINDOWS;C:/Program Files/Zulu/zulu-8/bin/../jre/bin/server;C:/Program Files/Zulu/zulu-8/bin/../jre/bin;C:/Program Files/Zulu/zulu-8/bin/../jre/lib/amd64;C:\Python27\;C:\Python27\Scripts;C:\Program Files\Python35\Scripts\;C:\Program Files\Python35\;C:\Program Files\Git\cmd;C:\Program Files (x86)\Intel\Intel(R) Management Engine Components\iCLS\;C:\Program Files\Intel\Intel(R) Management Engine Components\iCLS\;C:\WINDOWS\system32;C:\WINDOWS;C:\WINDOWS\System32\Wbem;C:\WINDOWS\System32\WindowsPowerShell\v1.0\;C:\Program Files (x86)\Intel\Intel(R) Management Engine Components\DAL;C:\Program Files\Intel\Intel(R) Management Engine Components\DAL;C:\Program Files (x86)\Intel\Intel(R) Management Engine Components\IPT;C:\Program Files\Intel\Intel(R) Management Engine Components\IPT;C:\WINDOWS\System32\OpenSSH\;C:\Program Files\Microsoft SQL Server\130\Tools\Binn\;C:\Program Files\Zulu\zulu-8\bin;C:\Program Files\nodejs\;C:\ProgramData\chocolatey\bin;C:\Program Files\MySQL\MySQL Shell 8.0\bin\;C:\Users\student\AppData\Local\Programs\Microsoft VS Code\bin;C:\Users\student\AppData\Roaming\npm;C:\SSAFY2\sts-bundle\sts-3.9.7.RELEASE;;.]
[2m2019-11-19 14:06:50.620[0;39m [32m INFO[0;39m [35m8652[0;39m [2m---[0;39m [2m[ost-startStop-1][0;39m [36mo.a.c.c.C.[Tomcat].[localhost].[/]      [0;39m [2m:[0;39m Initializing Spring embedded WebApplicationContext
[2m2019-11-19 14:06:50.620[0;39m [32m INFO[0;39m [35m8652[0;39m [2m---[0;39m [2m[ost-startStop-1][0;39m [36mo.s.web.context.ContextLoader           [0;39m [2m:[0;39m Root WebApplicationContext: initialization completed in 870 ms
[2m2019-11-19 14:06:50.824[0;39m [32m INFO[0;39m [35m8652[0;39m [2m---[0;39m [2m[ost-startStop-1][0;39m [36mcom.zaxxer.hikari.HikariDataSource      [0;39m [2m:[0;39m HikariPool-1 - Starting...
[2m2019-11-19 14:06:50.925[0;39m [32m INFO[0;39m [35m8652[0;39m [2m---[0;39m [2m[ost-startStop-1][0;39m [36mcom.zaxxer.hikari.HikariDataSource      [0;39m [2m:[0;39m HikariPool-1 - Start completed.
[2m2019-11-19 14:06:50.959[0;39m [32m INFO[0;39m [35m8652[0;39m [2m---[0;39m [2m[ost-startStop-1][0;39m [36mj.LocalContainerEntityManagerFactoryBean[0;39m [2m:[0;39m Building JPA container EntityManagerFactory for persistence unit 'default'
[2m2019-11-19 14:06:50.966[0;39m [32m INFO[0;39m [35m8652[0;39m [2m---[0;39m [2m[ost-startStop-1][0;39m [36mo.hibernate.jpa.internal.util.LogHelper [0;39m [2m:[0;39m HHH000204: Processing PersistenceUnitInfo [
	name: default
	...]
[2m2019-11-19 14:06:51.041[0;39m [32m INFO[0;39m [35m8652[0;39m [2m---[0;39m [2m[ost-startStop-1][0;39m [36morg.hibernate.Version                   [0;39m [2m:[0;39m HHH000412: Hibernate Core {5.2.17.Final}
[2m2019-11-19 14:06:51.042[0;39m [32m INFO[0;39m [35m8652[0;39m [2m---[0;39m [2m[ost-startStop-1][0;39m [36morg.hibernate.cfg.Environment           [0;39m [2m:[0;39m HHH000206: hibernate.properties not found
[2m2019-11-19 14:06:51.066[0;39m [32m INFO[0;39m [35m8652[0;39m [2m---[0;39m [2m[ost-startStop-1][0;39m [36mo.hibernate.annotations.common.Version  [0;39m [2m:[0;39m HCANN000001: Hibernate Commons Annotations {5.0.1.Final}
[2m2019-11-19 14:06:51.141[0;39m [32m INFO[0;39m [35m8652[0;39m [2m---[0;39m [2m[ost-startStop-1][0;39m [36morg.hibernate.dialect.Dialect           [0;39m [2m:[0;39m HHH000400: Using dialect: org.hibernate.dialect.MySQL5InnoDBDialect
[2m2019-11-19 14:06:51.429[0;39m [32m INFO[0;39m [35m8652[0;39m [2m---[0;39m [2m[ost-startStop-1][0;39m [36mj.LocalContainerEntityManagerFactoryBean[0;39m [2m:[0;39m Initialized JPA EntityManagerFactory for persistence unit 'default'
[2m2019-11-19 14:06:51.644[0;39m [32m INFO[0;39m [35m8652[0;39m [2m---[0;39m [2m[ost-startStop-1][0;39m [36mo.s.b.w.servlet.FilterRegistrationBean  [0;39m [2m:[0;39m Mapping filter: 'characterEncodingFilter' to: [/*]
[2m2019-11-19 14:06:51.644[0;39m [32m INFO[0;39m [35m8652[0;39m [2m---[0;39m [2m[ost-startStop-1][0;39m [36mo.s.b.w.servlet.FilterRegistrationBean  [0;39m [2m:[0;39m Mapping filter: 'hiddenHttpMethodFilter' to: [/*]
[2m2019-11-19 14:06:51.644[0;39m [32m INFO[0;39m [35m8652[0;39m [2m---[0;39m [2m[ost-startStop-1][0;39m [36mo.s.b.w.servlet.FilterRegistrationBean  [0;39m [2m:[0;39m Mapping filter: 'httpPutFormContentFilter' to: [/*]
[2m2019-11-19 14:06:51.644[0;39m [32m INFO[0;39m [35m8652[0;39m [2m---[0;39m [2m[ost-startStop-1][0;39m [36mo.s.b.w.servlet.FilterRegistrationBean  [0;39m [2m:[0;39m Mapping filter: 'requestContextFilter' to: [/*]
[2m2019-11-19 14:06:51.645[0;39m [32m INFO[0;39m [35m8652[0;39m [2m---[0;39m [2m[ost-startStop-1][0;39m [36m.s.DelegatingFilterProxyRegistrationBean[0;39m [2m:[0;39m Mapping filter: 'springSecurityFilterChain' to: [/*]
[2m2019-11-19 14:06:51.645[0;39m [32m INFO[0;39m [35m8652[0;39m [2m---[0;39m [2m[ost-startStop-1][0;39m [36mo.s.b.w.servlet.FilterRegistrationBean  [0;39m [2m:[0;39m Mapping filter: 'jwtAuthenticationFilter' to: [/*]
[2m2019-11-19 14:06:51.645[0;39m [32m INFO[0;39m [35m8652[0;39m [2m---[0;39m [2m[ost-startStop-1][0;39m [36mo.s.b.w.servlet.ServletRegistrationBean [0;39m [2m:[0;39m Servlet dispatcherServlet mapped to [/]
[2m2019-11-19 14:06:51.817[0;39m [32m INFO[0;39m [35m8652[0;39m [2m---[0;39m [2m[           main][0;39m [36mo.s.w.s.handler.SimpleUrlHandlerMapping [0;39m [2m:[0;39m Mapped URL path [/**/favicon.ico] onto handler of type [class org.springframework.web.servlet.resource.ResourceHttpRequestHandler]
[2m2019-11-19 14:06:51.824[0;39m [33m WARN[0;39m [35m8652[0;39m [2m---[0;39m [2m[           main][0;39m [36maWebConfiguration$JpaWebMvcConfiguration[0;39m [2m:[0;39m spring.jpa.open-in-view is enabled by default. Therefore, database queries may be performed during view rendering. Explicitly configure spring.jpa.open-in-view to disable this warning
[2m2019-11-19 14:06:51.853[0;39m [32m INFO[0;39m [35m8652[0;39m [2m---[0;39m [2m[           main][0;39m [36ms.w.s.m.m.a.RequestMappingHandlerMapping[0;39m [2m:[0;39m Mapped "{[/api/auth/signup],methods=[POST]}" onto public org.springframework.http.ResponseEntity<?> com.ssafy.edu.controller.AuthController.registerUser(com.ssafy.edu.help.SignUpRequest)
[2m2019-11-19 14:06:51.854[0;39m [32m INFO[0;39m [35m8652[0;39m [2m---[0;39m [2m[           main][0;39m [36ms.w.s.m.m.a.RequestMappingHandlerMapping[0;39m [2m:[0;39m Mapped "{[/api/auth/signin],methods=[POST]}" onto public org.springframework.http.ResponseEntity<?> com.ssafy.edu.controller.AuthController.authenticateUser(com.ssafy.edu.help.LoginRequest)
[2m2019-11-19 14:06:51.855[0;39m [32m INFO[0;39m [35m8652[0;39m [2m---[0;39m [2m[           main][0;39m [36ms.w.s.m.m.a.RequestMappingHandlerMapping[0;39m [2m:[0;39m Mapped "{[/api/users/{username}],methods=[GET]}" onto public com.ssafy.edu.help.UserProfile com.ssafy.edu.controller.UserController.getUserProfile(java.lang.String)
[2m2019-11-19 14:06:51.855[0;39m [32m INFO[0;39m [35m8652[0;39m [2m---[0;39m [2m[           main][0;39m [36ms.w.s.m.m.a.RequestMappingHandlerMapping[0;39m [2m:[0;39m Mapped "{[/api/user/checkUsernameAvailability],methods=[GET]}" onto public com.ssafy.edu.help.UserIdentityAvailability com.ssafy.edu.controller.UserController.checkUsernameAvailability(java.lang.String)
[2m2019-11-19 14:06:51.855[0;39m [32m INFO[0;39m [35m8652[0;39m [2m---[0;39m [2m[           main][0;39m [36ms.w.s.m.m.a.RequestMappingHandlerMapping[0;39m [2m:[0;39m Mapped "{[/api/user/checkEmailAvailability],methods=[GET]}" onto public com.ssafy.edu.help.UserIdentityAvailability com.ssafy.edu.controller.UserController.checkEmailAvailability(java.lang.String)
[2m2019-11-19 14:06:51.857[0;39m [32m INFO[0;39m [35m8652[0;39m [2m---[0;39m [2m[           main][0;39m [36ms.w.s.m.m.a.RequestMappingHandlerMapping[0;39m [2m:[0;39m Mapped "{[/error]}" onto public org.springframework.http.ResponseEntity<java.util.Map<java.lang.String, java.lang.Object>> org.springframework.boot.autoconfigure.web.servlet.error.BasicErrorController.error(javax.servlet.http.HttpServletRequest)
[2m2019-11-19 14:06:51.857[0;39m [32m INFO[0;39m [35m8652[0;39m [2m---[0;39m [2m[           main][0;39m [36ms.w.s.m.m.a.RequestMappingHandlerMapping[0;39m [2m:[0;39m Mapped "{[/error],produces=[text/html]}" onto public org.springframework.web.servlet.ModelAndView org.springframework.boot.autoconfigure.web.servlet.error.BasicErrorController.errorHtml(javax.servlet.http.HttpServletRequest,javax.servlet.http.HttpServletResponse)
[2m2019-11-19 14:06:51.880[0;39m [32m INFO[0;39m [35m8652[0;39m [2m---[0;39m [2m[           main][0;39m [36mo.s.w.s.handler.SimpleUrlHandlerMapping [0;39m [2m:[0;39m Mapped URL path [/webjars/**] onto handler of type [class org.springframework.web.servlet.resource.ResourceHttpRequestHandler]
[2m2019-11-19 14:06:51.881[0;39m [32m INFO[0;39m [35m8652[0;39m [2m---[0;39m [2m[           main][0;39m [36mo.s.w.s.handler.SimpleUrlHandlerMapping [0;39m [2m:[0;39m Mapped URL path [/**] onto handler of type [class org.springframework.web.servlet.resource.ResourceHttpRequestHandler]
[2m2019-11-19 14:06:51.902[0;39m [32m INFO[0;39m [35m8652[0;39m [2m---[0;39m [2m[           main][0;39m [36mo.s.s.web.DefaultSecurityFilterChain    [0;39m [2m:[0;39m Creating filter chain: org.springframework.security.web.util.matcher.AnyRequestMatcher@1, [org.springframework.security.web.context.request.async.WebAsyncManagerIntegrationFilter@1b7cae6f, org.springframework.security.web.context.SecurityContextPersistenceFilter@ea9e141, org.springframework.security.web.header.HeaderWriterFilter@58a4a74d, org.springframework.web.filter.CorsFilter@21f8e55f, org.springframework.security.web.authentication.logout.LogoutFilter@5177e388, com.ssafy.edu.security.JwtAuthenticationFilter@5484a23, org.springframework.security.web.savedrequest.RequestCacheAwareFilter@33cbfa57, org.springframework.security.web.servletapi.SecurityContextHolderAwareRequestFilter@31c2affc, org.springframework.security.web.authentication.AnonymousAuthenticationFilter@d5ce97f, org.springframework.security.web.session.SessionManagementFilter@421a4ee1, org.springframework.security.web.access.ExceptionTranslationFilter@58a120b0, org.springframework.security.web.access.intercept.FilterSecurityInterceptor@2e1af49b]
[2m2019-11-19 14:06:52.031[0;39m [32m INFO[0;39m [35m8652[0;39m [2m---[0;39m [2m[           main][0;39m [36ms.w.s.m.m.a.RequestMappingHandlerAdapter[0;39m [2m:[0;39m Looking for @ControllerAdvice: org.springframework.boot.web.servlet.context.AnnotationConfigServletWebServerApplicationContext@5c5eefef: startup date [Tue Nov 19 05:06:49 UTC 2019]; root of context hierarchy
[2m2019-11-19 14:06:52.194[0;39m [32m INFO[0;39m [35m8652[0;39m [2m---[0;39m [2m[           main][0;39m [36mo.s.j.e.a.AnnotationMBeanExporter       [0;39m [2m:[0;39m Registering beans for JMX exposure on startup
[2m2019-11-19 14:06:52.195[0;39m [32m INFO[0;39m [35m8652[0;39m [2m---[0;39m [2m[           main][0;39m [36mo.s.j.e.a.AnnotationMBeanExporter       [0;39m [2m:[0;39m Bean with name 'dataSource' has been autodetected for JMX exposure
[2m2019-11-19 14:06:52.198[0;39m [32m INFO[0;39m [35m8652[0;39m [2m---[0;39m [2m[           main][0;39m [36mo.s.j.e.a.AnnotationMBeanExporter       [0;39m [2m:[0;39m Located MBean 'dataSource': registering with JMX server as MBean [com.zaxxer.hikari:name=dataSource,type=HikariDataSource]
[2m2019-11-19 14:06:52.204[0;39m [32m INFO[0;39m [35m8652[0;39m [2m---[0;39m [2m[           main][0;39m [36mo.a.coyote.http11.Http11NioProtocol     [0;39m [2m:[0;39m Starting ProtocolHandler ["http-nio-8397"]
[2m2019-11-19 14:06:52.210[0;39m [32m INFO[0;39m [35m8652[0;39m [2m---[0;39m [2m[           main][0;39m [36mo.a.tomcat.util.net.NioSelectorPool     [0;39m [2m:[0;39m Using a shared selector for servlet write/read
[2m2019-11-19 14:06:52.216[0;39m [32m INFO[0;39m [35m8652[0;39m [2m---[0;39m [2m[           main][0;39m [36mo.s.b.w.embedded.tomcat.TomcatWebServer [0;39m [2m:[0;39m Tomcat started on port(s): 8397 (http) with context path ''
[2m2019-11-19 14:06:52.218[0;39m [32m INFO[0;39m [35m8652[0;39m [2m---[0;39m [2m[           main][0;39m [36mcom.ssafy.edu.LoginApplication          [0;39m [2m:[0;39m Started LoginApplication in 2.637 seconds (JVM running for 3.082)
[2m2019-11-19 14:09:10.419[0;39m [32m INFO[0;39m [35m8652[0;39m [2m---[0;39m [2m[nio-8397-exec-2][0;39m [36mo.a.c.c.C.[Tomcat].[localhost].[/]      [0;39m [2m:[0;39m Initializing Spring FrameworkServlet 'dispatcherServlet'
[2m2019-11-19 14:09:10.419[0;39m [32m INFO[0;39m [35m8652[0;39m [2m---[0;39m [2m[nio-8397-exec-2][0;39m [36mo.s.web.servlet.DispatcherServlet       [0;39m [2m:[0;39m FrameworkServlet 'dispatcherServlet': initialization started
[2m2019-11-19 14:09:10.430[0;39m [32m INFO[0;39m [35m8652[0;39m [2m---[0;39m [2m[nio-8397-exec-2][0;39m [36mo.s.web.servlet.DispatcherServlet       [0;39m [2m:[0;39m FrameworkServlet 'dispatcherServlet': initialization completed in 10 ms
[2m2019-11-19 14:09:10.510[0;39m [32m INFO[0;39m [35m8652[0;39m [2m---[0;39m [2m[nio-8397-exec-1][0;39m [36mcom.ssafy.edu.controller.AuthController [0;39m [2m:[0;39m 1-------------authenticateUser-----------------------------LoginRequest [usernameOrEmail=jungjera, password=kelly0789!]
[2m2019-11-19 14:09:10.595[0;39m [32m INFO[0;39m [35m8652[0;39m [2m---[0;39m [2m[nio-8397-exec-1][0;39m [36mo.h.h.i.QueryTranslatorFactoryInitiator [0;39m [2m:[0;39m HHH000397: Using ASTQueryTranslatorFactory
[2m2019-11-19 14:09:10.642[0;39m [32mDEBUG[0;39m [35m8652[0;39m [2m---[0;39m [2m[nio-8397-exec-1][0;39m [36morg.hibernate.SQL                       [0;39m [2m:[0;39m select memberuser0_.id as id1_2_, memberuser0_.created_at as created_2_2_, memberuser0_.updated_at as updated_3_2_, memberuser0_.email as email4_2_, memberuser0_.name as name5_2_, memberuser0_.password as password6_2_, memberuser0_.username as username7_2_ from users memberuser0_ where memberuser0_.username=? or memberuser0_.email=?
[2m2019-11-19 14:09:10.662[0;39m [32mDEBUG[0;39m [35m8652[0;39m [2m---[0;39m [2m[nio-8397-exec-1][0;39m [36morg.hibernate.SQL                       [0;39m [2m:[0;39m select roles0_.user_id as user_id1_1_0_, roles0_.role_id as role_id2_1_0_, role1_.id as id1_0_1_, role1_.name as name2_0_1_ from user_roles roles0_ inner join roles role1_ on roles0_.role_id=role1_.id where roles0_.user_id=?
[2m2019-11-19 14:09:11.770[0;39m [32mDEBUG[0;39m [35m8652[0;39m [2m---[0;39m [2m[nio-8397-exec-3][0;39m [36morg.hibernate.SQL                       [0;39m [2m:[0;39m select memberuser0_.id as id1_2_, memberuser0_.created_at as created_2_2_, memberuser0_.updated_at as updated_3_2_, memberuser0_.email as email4_2_, memberuser0_.name as name5_2_, memberuser0_.password as password6_2_, memberuser0_.username as username7_2_ from users memberuser0_ where memberuser0_.username=?
[2m2019-11-19 14:43:44.550[0;39m [32m INFO[0;39m [35m8652[0;39m [2m---[0;39m [2m[on(2)-127.0.0.1][0;39m [36minMXBeanRegistrar$SpringApplicationAdmin[0;39m [2m:[0;39m Application shutdown requested.
[2m2019-11-19 14:43:44.550[0;39m [32m INFO[0;39m [35m8652[0;39m [2m---[0;39m [2m[on(2)-127.0.0.1][0;39m [36mConfigServletWebServerApplicationContext[0;39m [2m:[0;39m Closing org.springframework.boot.web.servlet.context.AnnotationConfigServletWebServerApplicationContext@5c5eefef: startup date [Tue Nov 19 05:06:49 UTC 2019]; root of context hierarchy
[2m2019-11-19 14:43:44.552[0;39m [32m INFO[0;39m [35m8652[0;39m [2m---[0;39m [2m[on(2)-127.0.0.1][0;39m [36mo.s.j.e.a.AnnotationMBeanExporter       [0;39m [2m:[0;39m Unregistering JMX-exposed beans on shutdown
[2m2019-11-19 14:43:44.552[0;39m [32m INFO[0;39m [35m8652[0;39m [2m---[0;39m [2m[on(2)-127.0.0.1][0;39m [36mo.s.j.e.a.AnnotationMBeanExporter       [0;39m [2m:[0;39m Unregistering JMX-exposed beans
[2m2019-11-19 14:43:44.554[0;39m [32m INFO[0;39m [35m8652[0;39m [2m---[0;39m [2m[on(2)-127.0.0.1][0;39m [36mj.LocalContainerEntityManagerFactoryBean[0;39m [2m:[0;39m Closing JPA EntityManagerFactory for persistence unit 'default'
[2m2019-11-19 14:43:44.554[0;39m [32m INFO[0;39m [35m8652[0;39m [2m---[0;39m [2m[on(2)-127.0.0.1][0;39m [36mcom.zaxxer.hikari.HikariDataSource      [0;39m [2m:[0;39m HikariPool-1 - Shutdown initiated...
[2m2019-11-19 14:43:44.560[0;39m [32m INFO[0;39m [35m8652[0;39m [2m---[0;39m [2m[on(2)-127.0.0.1][0;39m [36mcom.zaxxer.hikari.HikariDataSource      [0;39m [2m:[0;39m HikariPool-1 - Shutdown completed.
[2m2019-11-19 14:43:52.758[0;39m [32m INFO[0;39m [35m6228[0;39m [2m---[0;39m [2m[           main][0;39m [36mcom.ssafy.edu.LoginApplication          [0;39m [2m:[0;39m Starting LoginApplication on DESKTOP with PID 6228 (C:\SSAFY2\work_vue\login\target\classes started by student in C:\SSAFY2\work_vue\login)
[2m2019-11-19 14:43:52.760[0;39m [32m INFO[0;39m [35m6228[0;39m [2m---[0;39m [2m[           main][0;39m [36mcom.ssafy.edu.LoginApplication          [0;39m [2m:[0;39m No active profile set, falling back to default profiles: default
[2m2019-11-19 14:43:52.780[0;39m [32m INFO[0;39m [35m6228[0;39m [2m---[0;39m [2m[           main][0;39m [36mConfigServletWebServerApplicationContext[0;39m [2m:[0;39m Refreshing org.springframework.boot.web.servlet.context.AnnotationConfigServletWebServerApplicationContext@67d48005: startup date [Tue Nov 19 14:43:52 KST 2019]; root of context hierarchy
[2m2019-11-19 14:43:53.335[0;39m [32m INFO[0;39m [35m6228[0;39m [2m---[0;39m [2m[           main][0;39m [36mtrationDelegate$BeanPostProcessorChecker[0;39m [2m:[0;39m Bean 'org.springframework.transaction.annotation.ProxyTransactionManagementConfiguration' of type [org.springframework.transaction.annotation.ProxyTransactionManagementConfiguration$$EnhancerBySpringCGLIB$$ffbadc3a] is not eligible for getting processed by all BeanPostProcessors (for example: not eligible for auto-proxying)
[2m2019-11-19 14:43:53.358[0;39m [32m INFO[0;39m [35m6228[0;39m [2m---[0;39m [2m[           main][0;39m [36mtrationDelegate$BeanPostProcessorChecker[0;39m [2m:[0;39m Bean 'org.springframework.security.config.annotation.configuration.ObjectPostProcessorConfiguration' of type [org.springframework.security.config.annotation.configuration.ObjectPostProcessorConfiguration$$EnhancerBySpringCGLIB$$9868a474] is not eligible for getting processed by all BeanPostProcessors (for example: not eligible for auto-proxying)
[2m2019-11-19 14:43:53.362[0;39m [32m INFO[0;39m [35m6228[0;39m [2m---[0;39m [2m[           main][0;39m [36mtrationDelegate$BeanPostProcessorChecker[0;39m [2m:[0;39m Bean 'objectPostProcessor' of type [org.springframework.security.config.annotation.configuration.AutowireBeanFactoryObjectPostProcessor] is not eligible for getting processed by all BeanPostProcessors (for example: not eligible for auto-proxying)
[2m2019-11-19 14:43:53.363[0;39m [32m INFO[0;39m [35m6228[0;39m [2m---[0;39m [2m[           main][0;39m [36mtrationDelegate$BeanPostProcessorChecker[0;39m [2m:[0;39m Bean 'org.springframework.security.access.expression.method.DefaultMethodSecurityExpressionHandler@77e80a5e' of type [org.springframework.security.access.expression.method.DefaultMethodSecurityExpressionHandler] is not eligible for getting processed by all BeanPostProcessors (for example: not eligible for auto-proxying)
[2m2019-11-19 14:43:53.372[0;39m [32m INFO[0;39m [35m6228[0;39m [2m---[0;39m [2m[           main][0;39m [36mtrationDelegate$BeanPostProcessorChecker[0;39m [2m:[0;39m Bean 'org.springframework.security.config.annotation.method.configuration.Jsr250MetadataSourceConfiguration' of type [org.springframework.security.config.annotation.method.configuration.Jsr250MetadataSourceConfiguration$$EnhancerBySpringCGLIB$$e2925f3c] is not eligible for getting processed by all BeanPostProcessors (for example: not eligible for auto-proxying)
[2m2019-11-19 14:43:53.375[0;39m [32m INFO[0;39m [35m6228[0;39m [2m---[0;39m [2m[           main][0;39m [36mtrationDelegate$BeanPostProcessorChecker[0;39m [2m:[0;39m Bean 'jsr250MethodSecurityMetadataSource' of type [org.springframework.security.access.annotation.Jsr250MethodSecurityMetadataSource] is not eligible for getting processed by all BeanPostProcessors (for example: not eligible for auto-proxying)
[2m2019-11-19 14:43:53.375[0;39m [32m INFO[0;39m [35m6228[0;39m [2m---[0;39m [2m[           main][0;39m [36mtrationDelegate$BeanPostProcessorChecker[0;39m [2m:[0;39m Bean 'org.springframework.security.config.annotation.method.configuration.GlobalMethodSecurityConfiguration' of type [org.springframework.security.config.annotation.method.configuration.GlobalMethodSecurityConfiguration$$EnhancerBySpringCGLIB$$bd3d4726] is not eligible for getting processed by all BeanPostProcessors (for example: not eligible for auto-proxying)
[2m2019-11-19 14:43:53.380[0;39m [32m INFO[0;39m [35m6228[0;39m [2m---[0;39m [2m[           main][0;39m [36mtrationDelegate$BeanPostProcessorChecker[0;39m [2m:[0;39m Bean 'methodSecurityMetadataSource' of type [org.springframework.security.access.method.DelegatingMethodSecurityMetadataSource] is not eligible for getting processed by all BeanPostProcessors (for example: not eligible for auto-proxying)
[2m2019-11-19 14:43:53.577[0;39m [32m INFO[0;39m [35m6228[0;39m [2m---[0;39m [2m[           main][0;39m [36mo.s.b.w.embedded.tomcat.TomcatWebServer [0;39m [2m:[0;39m Tomcat initialized with port(s): 8397 (http)
[2m2019-11-19 14:43:53.587[0;39m [32m INFO[0;39m [35m6228[0;39m [2m---[0;39m [2m[           main][0;39m [36mo.a.coyote.http11.Http11NioProtocol     [0;39m [2m:[0;39m Initializing ProtocolHandler ["http-nio-8397"]
[2m2019-11-19 14:43:53.592[0;39m [32m INFO[0;39m [35m6228[0;39m [2m---[0;39m [2m[           main][0;39m [36mo.apache.catalina.core.StandardService  [0;39m [2m:[0;39m Starting service [Tomcat]
[2m2019-11-19 14:43:53.592[0;39m [32m INFO[0;39m [35m6228[0;39m [2m---[0;39m [2m[           main][0;39m [36morg.apache.catalina.core.StandardEngine [0;39m [2m:[0;39m Starting Servlet Engine: Apache Tomcat/8.5.34
[2m2019-11-19 14:43:53.594[0;39m [32m INFO[0;39m [35m6228[0;39m [2m---[0;39m [2m[ost-startStop-1][0;39m [36mo.a.catalina.core.AprLifecycleListener  [0;39m [2m:[0;39m The APR based Apache Tomcat Native library which allows optimal performance in production environments was not found on the java.library.path: [C:\Program Files\Zulu\zulu-8\bin;C:\WINDOWS\Sun\Java\bin;C:\WINDOWS\system32;C:\WINDOWS;C:/Program Files/Zulu/zulu-8/bin/../jre/bin/server;C:/Program Files/Zulu/zulu-8/bin/../jre/bin;C:/Program Files/Zulu/zulu-8/bin/../jre/lib/amd64;C:\Python27\;C:\Python27\Scripts;C:\Program Files\Python35\Scripts\;C:\Program Files\Python35\;C:\Program Files\Git\cmd;C:\Program Files (x86)\Intel\Intel(R) Management Engine Components\iCLS\;C:\Program Files\Intel\Intel(R) Management Engine Components\iCLS\;C:\WINDOWS\system32;C:\WINDOWS;C:\WINDOWS\System32\Wbem;C:\WINDOWS\System32\WindowsPowerShell\v1.0\;C:\Program Files (x86)\Intel\Intel(R) Management Engine Components\DAL;C:\Program Files\Intel\Intel(R) Management Engine Components\DAL;C:\Program Files (x86)\Intel\Intel(R) Management Engine Components\IPT;C:\Program Files\Intel\Intel(R) Management Engine Components\IPT;C:\WINDOWS\System32\OpenSSH\;C:\Program Files\Microsoft SQL Server\130\Tools\Binn\;C:\Program Files\Zulu\zulu-8\bin;C:\Program Files\nodejs\;C:\ProgramData\chocolatey\bin;C:\Program Files\MySQL\MySQL Shell 8.0\bin\;C:\Users\student\AppData\Local\Programs\Microsoft VS Code\bin;C:\Users\student\AppData\Roaming\npm;C:\SSAFY2\sts-bundle\sts-3.9.7.RELEASE;;.]
[2m2019-11-19 14:43:53.663[0;39m [32m INFO[0;39m [35m6228[0;39m [2m---[0;39m [2m[ost-startStop-1][0;39m [36mo.a.c.c.C.[Tomcat].[localhost].[/]      [0;39m [2m:[0;39m Initializing Spring embedded WebApplicationContext
[2m2019-11-19 14:43:53.663[0;39m [32m INFO[0;39m [35m6228[0;39m [2m---[0;39m [2m[ost-startStop-1][0;39m [36mo.s.web.context.ContextLoader           [0;39m [2m:[0;39m Root WebApplicationContext: initialization completed in 883 ms
[2m2019-11-19 14:43:53.866[0;39m [32m INFO[0;39m [35m6228[0;39m [2m---[0;39m [2m[ost-startStop-1][0;39m [36mcom.zaxxer.hikari.HikariDataSource      [0;39m [2m:[0;39m HikariPool-1 - Starting...
[2m2019-11-19 14:43:53.967[0;39m [32m INFO[0;39m [35m6228[0;39m [2m---[0;39m [2m[ost-startStop-1][0;39m [36mcom.zaxxer.hikari.HikariDataSource      [0;39m [2m:[0;39m HikariPool-1 - Start completed.
[2m2019-11-19 14:43:54.003[0;39m [32m INFO[0;39m [35m6228[0;39m [2m---[0;39m [2m[ost-startStop-1][0;39m [36mj.LocalContainerEntityManagerFactoryBean[0;39m [2m:[0;39m Building JPA container EntityManagerFactory for persistence unit 'default'
[2m2019-11-19 14:43:54.010[0;39m [32m INFO[0;39m [35m6228[0;39m [2m---[0;39m [2m[ost-startStop-1][0;39m [36mo.hibernate.jpa.internal.util.LogHelper [0;39m [2m:[0;39m HHH000204: Processing PersistenceUnitInfo [
	name: default
	...]
[2m2019-11-19 14:43:54.083[0;39m [32m INFO[0;39m [35m6228[0;39m [2m---[0;39m [2m[ost-startStop-1][0;39m [36morg.hibernate.Version                   [0;39m [2m:[0;39m HHH000412: Hibernate Core {5.2.17.Final}
[2m2019-11-19 14:43:54.084[0;39m [32m INFO[0;39m [35m6228[0;39m [2m---[0;39m [2m[ost-startStop-1][0;39m [36morg.hibernate.cfg.Environment           [0;39m [2m:[0;39m HHH000206: hibernate.properties not found
[2m2019-11-19 14:43:54.106[0;39m [32m INFO[0;39m [35m6228[0;39m [2m---[0;39m [2m[ost-startStop-1][0;39m [36mo.hibernate.annotations.common.Version  [0;39m [2m:[0;39m HCANN000001: Hibernate Commons Annotations {5.0.1.Final}
[2m2019-11-19 14:43:54.180[0;39m [32m INFO[0;39m [35m6228[0;39m [2m---[0;39m [2m[ost-startStop-1][0;39m [36morg.hibernate.dialect.Dialect           [0;39m [2m:[0;39m HHH000400: Using dialect: org.hibernate.dialect.MySQL5InnoDBDialect
[2m2019-11-19 14:43:54.471[0;39m [32m INFO[0;39m [35m6228[0;39m [2m---[0;39m [2m[ost-startStop-1][0;39m [36mj.LocalContainerEntityManagerFactoryBean[0;39m [2m:[0;39m Initialized JPA EntityManagerFactory for persistence unit 'default'
[2m2019-11-19 14:43:54.693[0;39m [32m INFO[0;39m [35m6228[0;39m [2m---[0;39m [2m[ost-startStop-1][0;39m [36mo.s.b.w.servlet.FilterRegistrationBean  [0;39m [2m:[0;39m Mapping filter: 'characterEncodingFilter' to: [/*]
[2m2019-11-19 14:43:54.693[0;39m [32m INFO[0;39m [35m6228[0;39m [2m---[0;39m [2m[ost-startStop-1][0;39m [36mo.s.b.w.servlet.FilterRegistrationBean  [0;39m [2m:[0;39m Mapping filter: 'hiddenHttpMethodFilter' to: [/*]
[2m2019-11-19 14:43:54.693[0;39m [32m INFO[0;39m [35m6228[0;39m [2m---[0;39m [2m[ost-startStop-1][0;39m [36mo.s.b.w.servlet.FilterRegistrationBean  [0;39m [2m:[0;39m Mapping filter: 'httpPutFormContentFilter' to: [/*]
[2m2019-11-19 14:43:54.693[0;39m [32m INFO[0;39m [35m6228[0;39m [2m---[0;39m [2m[ost-startStop-1][0;39m [36mo.s.b.w.servlet.FilterRegistrationBean  [0;39m [2m:[0;39m Mapping filter: 'requestContextFilter' to: [/*]
[2m2019-11-19 14:43:54.693[0;39m [32m INFO[0;39m [35m6228[0;39m [2m---[0;39m [2m[ost-startStop-1][0;39m [36m.s.DelegatingFilterProxyRegistrationBean[0;39m [2m:[0;39m Mapping filter: 'springSecurityFilterChain' to: [/*]
[2m2019-11-19 14:43:54.693[0;39m [32m INFO[0;39m [35m6228[0;39m [2m---[0;39m [2m[ost-startStop-1][0;39m [36mo.s.b.w.servlet.FilterRegistrationBean  [0;39m [2m:[0;39m Mapping filter: 'jwtAuthenticationFilter' to: [/*]
[2m2019-11-19 14:43:54.693[0;39m [32m INFO[0;39m [35m6228[0;39m [2m---[0;39m [2m[ost-startStop-1][0;39m [36mo.s.b.w.servlet.ServletRegistrationBean [0;39m [2m:[0;39m Servlet dispatcherServlet mapped to [/]
[2m2019-11-19 14:43:54.862[0;39m [32m INFO[0;39m [35m6228[0;39m [2m---[0;39m [2m[           main][0;39m [36mo.s.w.s.handler.SimpleUrlHandlerMapping [0;39m [2m:[0;39m Mapped URL path [/**/favicon.ico] onto handler of type [class org.springframework.web.servlet.resource.ResourceHttpRequestHandler]
[2m2019-11-19 14:43:54.869[0;39m [33m WARN[0;39m [35m6228[0;39m [2m---[0;39m [2m[           main][0;39m [36maWebConfiguration$JpaWebMvcConfiguration[0;39m [2m:[0;39m spring.jpa.open-in-view is enabled by default. Therefore, database queries may be performed during view rendering. Explicitly configure spring.jpa.open-in-view to disable this warning
[2m2019-11-19 14:43:54.898[0;39m [32m INFO[0;39m [35m6228[0;39m [2m---[0;39m [2m[           main][0;39m [36ms.w.s.m.m.a.RequestMappingHandlerMapping[0;39m [2m:[0;39m Mapped "{[/api/auth/signin],methods=[POST]}" onto public org.springframework.http.ResponseEntity<?> com.ssafy.edu.controller.AuthController.authenticateUser(com.ssafy.edu.help.LoginRequest)
[2m2019-11-19 14:43:54.899[0;39m [32m INFO[0;39m [35m6228[0;39m [2m---[0;39m [2m[           main][0;39m [36ms.w.s.m.m.a.RequestMappingHandlerMapping[0;39m [2m:[0;39m Mapped "{[/api/auth/signup],methods=[POST]}" onto public org.springframework.http.ResponseEntity<?> com.ssafy.edu.controller.AuthController.registerUser(com.ssafy.edu.help.SignUpRequest)
[2m2019-11-19 14:43:54.900[0;39m [32m INFO[0;39m [35m6228[0;39m [2m---[0;39m [2m[           main][0;39m [36ms.w.s.m.m.a.RequestMappingHandlerMapping[0;39m [2m:[0;39m Mapped "{[/api/user/checkEmailAvailability],methods=[GET]}" onto public com.ssafy.edu.help.UserIdentityAvailability com.ssafy.edu.controller.UserController.checkEmailAvailability(java.lang.String)
[2m2019-11-19 14:43:54.900[0;39m [32m INFO[0;39m [35m6228[0;39m [2m---[0;39m [2m[           main][0;39m [36ms.w.s.m.m.a.RequestMappingHandlerMapping[0;39m [2m:[0;39m Mapped "{[/api/user/checkUsernameAvailability],methods=[GET]}" onto public com.ssafy.edu.help.UserIdentityAvailability com.ssafy.edu.controller.UserController.checkUsernameAvailability(java.lang.String)
[2m2019-11-19 14:43:54.901[0;39m [32m INFO[0;39m [35m6228[0;39m [2m---[0;39m [2m[           main][0;39m [36ms.w.s.m.m.a.RequestMappingHandlerMapping[0;39m [2m:[0;39m Mapped "{[/api/users/{username}],methods=[GET]}" onto public com.ssafy.edu.help.UserProfile com.ssafy.edu.controller.UserController.getUserProfile(java.lang.String)
[2m2019-11-19 14:43:54.902[0;39m [32m INFO[0;39m [35m6228[0;39m [2m---[0;39m [2m[           main][0;39m [36ms.w.s.m.m.a.RequestMappingHandlerMapping[0;39m [2m:[0;39m Mapped "{[/error]}" onto public org.springframework.http.ResponseEntity<java.util.Map<java.lang.String, java.lang.Object>> org.springframework.boot.autoconfigure.web.servlet.error.BasicErrorController.error(javax.servlet.http.HttpServletRequest)
[2m2019-11-19 14:43:54.903[0;39m [32m INFO[0;39m [35m6228[0;39m [2m---[0;39m [2m[           main][0;39m [36ms.w.s.m.m.a.RequestMappingHandlerMapping[0;39m [2m:[0;39m Mapped "{[/error],produces=[text/html]}" onto public org.springframework.web.servlet.ModelAndView org.springframework.boot.autoconfigure.web.servlet.error.BasicErrorController.errorHtml(javax.servlet.http.HttpServletRequest,javax.servlet.http.HttpServletResponse)
[2m2019-11-19 14:43:54.925[0;39m [32m INFO[0;39m [35m6228[0;39m [2m---[0;39m [2m[           main][0;39m [36mo.s.w.s.handler.SimpleUrlHandlerMapping [0;39m [2m:[0;39m Mapped URL path [/webjars/**] onto handler of type [class org.springframework.web.servlet.resource.ResourceHttpRequestHandler]
[2m2019-11-19 14:43:54.925[0;39m [32m INFO[0;39m [35m6228[0;39m [2m---[0;39m [2m[           main][0;39m [36mo.s.w.s.handler.SimpleUrlHandlerMapping [0;39m [2m:[0;39m Mapped URL path [/**] onto handler of type [class org.springframework.web.servlet.resource.ResourceHttpRequestHandler]
[2m2019-11-19 14:43:54.946[0;39m [32m INFO[0;39m [35m6228[0;39m [2m---[0;39m [2m[           main][0;39m [36mo.s.s.web.DefaultSecurityFilterChain    [0;39m [2m:[0;39m Creating filter chain: org.springframework.security.web.util.matcher.AnyRequestMatcher@1, [org.springframework.security.web.context.request.async.WebAsyncManagerIntegrationFilter@65a5d4f9, org.springframework.security.web.context.SecurityContextPersistenceFilter@108bdbd8, org.springframework.security.web.header.HeaderWriterFilter@4a5905d9, org.springframework.web.filter.CorsFilter@40298285, org.springframework.security.web.authentication.logout.LogoutFilter@421a4ee1, com.ssafy.edu.security.JwtAuthenticationFilter@1ebf207c, org.springframework.security.web.savedrequest.RequestCacheAwareFilter@4f8b4bd0, org.springframework.security.web.servletapi.SecurityContextHolderAwareRequestFilter@7bbbb6a8, org.springframework.security.web.authentication.AnonymousAuthenticationFilter@22367b8, org.springframework.security.web.session.SessionManagementFilter@67e28be3, org.springframework.security.web.access.ExceptionTranslationFilter@6a9950f1, org.springframework.security.web.access.intercept.FilterSecurityInterceptor@11e33bac]
[2m2019-11-19 14:43:55.078[0;39m [32m INFO[0;39m [35m6228[0;39m [2m---[0;39m [2m[           main][0;39m [36ms.w.s.m.m.a.RequestMappingHandlerAdapter[0;39m [2m:[0;39m Looking for @ControllerAdvice: org.springframework.boot.web.servlet.context.AnnotationConfigServletWebServerApplicationContext@67d48005: startup date [Tue Nov 19 05:43:52 UTC 2019]; root of context hierarchy
[2m2019-11-19 14:43:55.240[0;39m [32m INFO[0;39m [35m6228[0;39m [2m---[0;39m [2m[           main][0;39m [36mo.s.j.e.a.AnnotationMBeanExporter       [0;39m [2m:[0;39m Registering beans for JMX exposure on startup
[2m2019-11-19 14:43:55.240[0;39m [32m INFO[0;39m [35m6228[0;39m [2m---[0;39m [2m[           main][0;39m [36mo.s.j.e.a.AnnotationMBeanExporter       [0;39m [2m:[0;39m Bean with name 'dataSource' has been autodetected for JMX exposure
[2m2019-11-19 14:43:55.243[0;39m [32m INFO[0;39m [35m6228[0;39m [2m---[0;39m [2m[           main][0;39m [36mo.s.j.e.a.AnnotationMBeanExporter       [0;39m [2m:[0;39m Located MBean 'dataSource': registering with JMX server as MBean [com.zaxxer.hikari:name=dataSource,type=HikariDataSource]
[2m2019-11-19 14:43:55.249[0;39m [32m INFO[0;39m [35m6228[0;39m [2m---[0;39m [2m[           main][0;39m [36mo.a.coyote.http11.Http11NioProtocol     [0;39m [2m:[0;39m Starting ProtocolHandler ["http-nio-8397"]
[2m2019-11-19 14:43:55.254[0;39m [32m INFO[0;39m [35m6228[0;39m [2m---[0;39m [2m[           main][0;39m [36mo.a.tomcat.util.net.NioSelectorPool     [0;39m [2m:[0;39m Using a shared selector for servlet write/read
[2m2019-11-19 14:43:55.261[0;39m [32m INFO[0;39m [35m6228[0;39m [2m---[0;39m [2m[           main][0;39m [36mo.s.b.w.embedded.tomcat.TomcatWebServer [0;39m [2m:[0;39m Tomcat started on port(s): 8397 (http) with context path ''
[2m2019-11-19 14:43:55.262[0;39m [32m INFO[0;39m [35m6228[0;39m [2m---[0;39m [2m[           main][0;39m [36mcom.ssafy.edu.LoginApplication          [0;39m [2m:[0;39m Started LoginApplication in 2.654 seconds (JVM running for 3.098)
[2m2019-11-19 14:50:51.972[0;39m [32m INFO[0;39m [35m6228[0;39m [2m---[0;39m [2m[on(2)-127.0.0.1][0;39m [36minMXBeanRegistrar$SpringApplicationAdmin[0;39m [2m:[0;39m Application shutdown requested.
[2m2019-11-19 14:50:51.972[0;39m [32m INFO[0;39m [35m6228[0;39m [2m---[0;39m [2m[on(2)-127.0.0.1][0;39m [36mConfigServletWebServerApplicationContext[0;39m [2m:[0;39m Closing org.springframework.boot.web.servlet.context.AnnotationConfigServletWebServerApplicationContext@67d48005: startup date [Tue Nov 19 05:43:52 UTC 2019]; root of context hierarchy
[2m2019-11-19 14:50:51.974[0;39m [32m INFO[0;39m [35m6228[0;39m [2m---[0;39m [2m[on(2)-127.0.0.1][0;39m [36mo.s.j.e.a.AnnotationMBeanExporter       [0;39m [2m:[0;39m Unregistering JMX-exposed beans on shutdown
[2m2019-11-19 14:50:51.974[0;39m [32m INFO[0;39m [35m6228[0;39m [2m---[0;39m [2m[on(2)-127.0.0.1][0;39m [36mo.s.j.e.a.AnnotationMBeanExporter       [0;39m [2m:[0;39m Unregistering JMX-exposed beans
[2m2019-11-19 14:50:51.975[0;39m [32m INFO[0;39m [35m6228[0;39m [2m---[0;39m [2m[on(2)-127.0.0.1][0;39m [36mj.LocalContainerEntityManagerFactoryBean[0;39m [2m:[0;39m Closing JPA EntityManagerFactory for persistence unit 'default'
[2m2019-11-19 14:50:51.975[0;39m [32m INFO[0;39m [35m6228[0;39m [2m---[0;39m [2m[on(2)-127.0.0.1][0;39m [36mcom.zaxxer.hikari.HikariDataSource      [0;39m [2m:[0;39m HikariPool-1 - Shutdown initiated...
[2m2019-11-19 14:50:51.977[0;39m [32m INFO[0;39m [35m6228[0;39m [2m---[0;39m [2m[on(2)-127.0.0.1][0;39m [36mcom.zaxxer.hikari.HikariDataSource      [0;39m [2m:[0;39m HikariPool-1 - Shutdown completed.
